<?xml version="1.0" encoding="UTF-8"?>
<testsuite xmlns:xsi="http://www.w3.org/2001/XMLSchema-instance" xsi:noNamespaceSchemaLocation="https://maven.apache.org/surefire/maven-surefire-plugin/xsd/surefire-test-report.xsd" version="3.0.2" name="TestSuite" time="10.485" tests="3" errors="0" skipped="0" failures="2">
  <properties>
    <property name="java.specification.version" value="16"/>
    <property name="sun.cpu.isalist" value="amd64"/>
    <property name="sun.jnu.encoding" value="Cp1252"/>
    <property name="java.class.path" value="C:\Users\Nithya\Documents\Work\SeleniumEcommerceE2E\target\test-classes;C:\Users\Nithya\Documents\Work\SeleniumEcommerceE2E\target\classes;C:\Users\Nithya\.m2\repository\ch\qos\logback\logback-classic\1.2.11\logback-classic-1.2.11.jar;C:\Users\Nithya\.m2\repository\ch\qos\logback\logback-core\1.2.11\logback-core-1.2.11.jar;C:\Users\Nithya\.m2\repository\org\slf4j\slf4j-api\1.7.32\slf4j-api-1.7.32.jar;C:\Users\Nithya\.m2\repository\org\apache\logging\log4j\log4j-slf4j-impl\2.17.2\log4j-slf4j-impl-2.17.2.jar;C:\Users\Nithya\.m2\repository\org\apache\logging\log4j\log4j-core\2.20.0\log4j-core-2.20.0.jar;C:\Users\Nithya\.m2\repository\org\apache\logging\log4j\log4j-api\2.20.0\log4j-api-2.20.0.jar;C:\Users\Nithya\.m2\repository\org\seleniumhq\selenium\selenium-java\4.11.0\selenium-java-4.11.0.jar;C:\Users\Nithya\.m2\repository\org\seleniumhq\selenium\selenium-api\4.11.0\selenium-api-4.11.0.jar;C:\Users\Nithya\.m2\repository\org\seleniumhq\selenium\selenium-chrome-driver\4.11.0\selenium-chrome-driver-4.11.0.jar;C:\Users\Nithya\.m2\repository\com\google\auto\service\auto-service-annotations\1.0.1\auto-service-annotations-1.0.1.jar;C:\Users\Nithya\.m2\repository\com\google\guava\guava\31.1-jre\guava-31.1-jre.jar;C:\Users\Nithya\.m2\repository\com\google\guava\failureaccess\1.0.1\failureaccess-1.0.1.jar;C:\Users\Nithya\.m2\repository\com\google\guava\listenablefuture\9999.0-empty-to-avoid-conflict-with-guava\listenablefuture-9999.0-empty-to-avoid-conflict-with-guava.jar;C:\Users\Nithya\.m2\repository\com\google\code\findbugs\jsr305\3.0.2\jsr305-3.0.2.jar;C:\Users\Nithya\.m2\repository\org\checkerframework\checker-qual\3.12.0\checker-qual-3.12.0.jar;C:\Users\Nithya\.m2\repository\com\google\errorprone\error_prone_annotations\2.11.0\error_prone_annotations-2.11.0.jar;C:\Users\Nithya\.m2\repository\com\google\j2objc\j2objc-annotations\1.3\j2objc-annotations-1.3.jar;C:\Users\Nithya\.m2\repository\org\seleniumhq\selenium\selenium-chromium-driver\4.11.0\selenium-chromium-driver-4.11.0.jar;C:\Users\Nithya\.m2\repository\org\seleniumhq\selenium\selenium-json\4.11.0\selenium-json-4.11.0.jar;C:\Users\Nithya\.m2\repository\org\seleniumhq\selenium\selenium-manager\4.11.0\selenium-manager-4.11.0.jar;C:\Users\Nithya\.m2\repository\org\seleniumhq\selenium\selenium-devtools-v113\4.11.0\selenium-devtools-v113-4.11.0.jar;C:\Users\Nithya\.m2\repository\org\seleniumhq\selenium\selenium-devtools-v114\4.11.0\selenium-devtools-v114-4.11.0.jar;C:\Users\Nithya\.m2\repository\org\seleniumhq\selenium\selenium-devtools-v115\4.11.0\selenium-devtools-v115-4.11.0.jar;C:\Users\Nithya\.m2\repository\org\seleniumhq\selenium\selenium-devtools-v85\4.11.0\selenium-devtools-v85-4.11.0.jar;C:\Users\Nithya\.m2\repository\org\seleniumhq\selenium\selenium-edge-driver\4.11.0\selenium-edge-driver-4.11.0.jar;C:\Users\Nithya\.m2\repository\org\seleniumhq\selenium\selenium-firefox-driver\4.11.0\selenium-firefox-driver-4.11.0.jar;C:\Users\Nithya\.m2\repository\org\seleniumhq\selenium\selenium-http\4.11.0\selenium-http-4.11.0.jar;C:\Users\Nithya\.m2\repository\dev\failsafe\failsafe\3.3.1\failsafe-3.3.1.jar;C:\Users\Nithya\.m2\repository\org\seleniumhq\selenium\selenium-ie-driver\4.11.0\selenium-ie-driver-4.11.0.jar;C:\Users\Nithya\.m2\repository\org\seleniumhq\selenium\selenium-remote-driver\4.11.0\selenium-remote-driver-4.11.0.jar;C:\Users\Nithya\.m2\repository\io\netty\netty-buffer\4.1.92.Final\netty-buffer-4.1.92.Final.jar;C:\Users\Nithya\.m2\repository\io\netty\netty-codec-http\4.1.92.Final\netty-codec-http-4.1.92.Final.jar;C:\Users\Nithya\.m2\repository\io\netty\netty-codec\4.1.92.Final\netty-codec-4.1.92.Final.jar;C:\Users\Nithya\.m2\repository\io\netty\netty-handler\4.1.92.Final\netty-handler-4.1.92.Final.jar;C:\Users\Nithya\.m2\repository\io\netty\netty-common\4.1.92.Final\netty-common-4.1.92.Final.jar;C:\Users\Nithya\.m2\repository\io\netty\netty-transport-classes-epoll\4.1.92.Final\netty-transport-classes-epoll-4.1.92.Final.jar;C:\Users\Nithya\.m2\repository\io\netty\netty-transport-classes-kqueue\4.1.92.Final\netty-transport-classes-kqueue-4.1.92.Final.jar;C:\Users\Nithya\.m2\repository\io\netty\netty-transport-native-epoll\4.1.92.Final\netty-transport-native-epoll-4.1.92.Final.jar;C:\Users\Nithya\.m2\repository\io\netty\netty-transport-native-kqueue\4.1.92.Final\netty-transport-native-kqueue-4.1.92.Final.jar;C:\Users\Nithya\.m2\repository\io\netty\netty-transport-native-unix-common\4.1.92.Final\netty-transport-native-unix-common-4.1.92.Final.jar;C:\Users\Nithya\.m2\repository\io\netty\netty-transport\4.1.92.Final\netty-transport-4.1.92.Final.jar;C:\Users\Nithya\.m2\repository\io\netty\netty-resolver\4.1.92.Final\netty-resolver-4.1.92.Final.jar;C:\Users\Nithya\.m2\repository\io\opentelemetry\opentelemetry-api\1.26.0\opentelemetry-api-1.26.0.jar;C:\Users\Nithya\.m2\repository\io\opentelemetry\opentelemetry-context\1.26.0\opentelemetry-context-1.26.0.jar;C:\Users\Nithya\.m2\repository\io\opentelemetry\opentelemetry-exporter-logging\1.26.0\opentelemetry-exporter-logging-1.26.0.jar;C:\Users\Nithya\.m2\repository\io\opentelemetry\opentelemetry-sdk-metrics\1.26.0\opentelemetry-sdk-metrics-1.26.0.jar;C:\Users\Nithya\.m2\repository\io\opentelemetry\opentelemetry-extension-incubator\1.26.0-alpha\opentelemetry-extension-incubator-1.26.0-alpha.jar;C:\Users\Nithya\.m2\repository\io\opentelemetry\opentelemetry-sdk-logs\1.26.0-alpha\opentelemetry-sdk-logs-1.26.0-alpha.jar;C:\Users\Nithya\.m2\repository\io\opentelemetry\opentelemetry-api-logs\1.26.0-alpha\opentelemetry-api-logs-1.26.0-alpha.jar;C:\Users\Nithya\.m2\repository\io\opentelemetry\opentelemetry-api-events\1.26.0-alpha\opentelemetry-api-events-1.26.0-alpha.jar;C:\Users\Nithya\.m2\repository\io\opentelemetry\opentelemetry-sdk-common\1.26.0\opentelemetry-sdk-common-1.26.0.jar;C:\Users\Nithya\.m2\repository\io\opentelemetry\opentelemetry-sdk-extension-autoconfigure-spi\1.26.0\opentelemetry-sdk-extension-autoconfigure-spi-1.26.0.jar;C:\Users\Nithya\.m2\repository\io\opentelemetry\opentelemetry-sdk-extension-autoconfigure\1.26.0-alpha\opentelemetry-sdk-extension-autoconfigure-1.26.0-alpha.jar;C:\Users\Nithya\.m2\repository\io\opentelemetry\opentelemetry-sdk-trace\1.26.0\opentelemetry-sdk-trace-1.26.0.jar;C:\Users\Nithya\.m2\repository\io\opentelemetry\opentelemetry-sdk\1.26.0\opentelemetry-sdk-1.26.0.jar;C:\Users\Nithya\.m2\repository\io\opentelemetry\opentelemetry-semconv\1.26.0-alpha\opentelemetry-semconv-1.26.0-alpha.jar;C:\Users\Nithya\.m2\repository\net\bytebuddy\byte-buddy\1.14.4\byte-buddy-1.14.4.jar;C:\Users\Nithya\.m2\repository\org\apache\commons\commons-exec\1.3\commons-exec-1.3.jar;C:\Users\Nithya\.m2\repository\org\asynchttpclient\async-http-client\2.12.3\async-http-client-2.12.3.jar;C:\Users\Nithya\.m2\repository\org\asynchttpclient\async-http-client-netty-utils\2.12.3\async-http-client-netty-utils-2.12.3.jar;C:\Users\Nithya\.m2\repository\io\netty\netty-codec-socks\4.1.60.Final\netty-codec-socks-4.1.60.Final.jar;C:\Users\Nithya\.m2\repository\io\netty\netty-handler-proxy\4.1.60.Final\netty-handler-proxy-4.1.60.Final.jar;C:\Users\Nithya\.m2\repository\io\netty\netty-transport-native-epoll\4.1.60.Final\netty-transport-native-epoll-4.1.60.Final-linux-x86_64.jar;C:\Users\Nithya\.m2\repository\io\netty\netty-transport-native-kqueue\4.1.60.Final\netty-transport-native-kqueue-4.1.60.Final-osx-x86_64.jar;C:\Users\Nithya\.m2\repository\com\typesafe\netty\netty-reactive-streams\2.0.4\netty-reactive-streams-2.0.4.jar;C:\Users\Nithya\.m2\repository\com\sun\activation\jakarta.activation\1.2.2\jakarta.activation-1.2.2.jar;C:\Users\Nithya\.m2\repository\org\seleniumhq\selenium\selenium-safari-driver\4.11.0\selenium-safari-driver-4.11.0.jar;C:\Users\Nithya\.m2\repository\org\seleniumhq\selenium\selenium-support\4.11.0\selenium-support-4.11.0.jar;C:\Users\Nithya\.m2\repository\org\apache\poi\poi\5.3.0\poi-5.3.0.jar;C:\Users\Nithya\.m2\repository\commons-codec\commons-codec\1.17.0\commons-codec-1.17.0.jar;C:\Users\Nithya\.m2\repository\org\apache\commons\commons-collections4\4.4\commons-collections4-4.4.jar;C:\Users\Nithya\.m2\repository\org\apache\commons\commons-math3\3.6.1\commons-math3-3.6.1.jar;C:\Users\Nithya\.m2\repository\com\zaxxer\SparseBitSet\1.3\SparseBitSet-1.3.jar;C:\Users\Nithya\.m2\repository\org\apache\poi\poi-ooxml\5.3.0\poi-ooxml-5.3.0.jar;C:\Users\Nithya\.m2\repository\org\apache\poi\poi-ooxml-lite\5.3.0\poi-ooxml-lite-5.3.0.jar;C:\Users\Nithya\.m2\repository\org\apache\xmlbeans\xmlbeans\5.2.1\xmlbeans-5.2.1.jar;C:\Users\Nithya\.m2\repository\org\apache\commons\commons-compress\1.26.2\commons-compress-1.26.2.jar;C:\Users\Nithya\.m2\repository\com\github\virtuald\curvesapi\1.08\curvesapi-1.08.jar;C:\Users\Nithya\.m2\repository\commons-io\commons-io\2.14.0\commons-io-2.14.0.jar;C:\Users\Nithya\.m2\repository\org\apache\commons\commons-lang3\3.13.0\commons-lang3-3.13.0.jar;C:\Users\Nithya\.m2\repository\org\apache\commons\commons-email\1.5\commons-email-1.5.jar;C:\Users\Nithya\.m2\repository\com\sun\mail\javax.mail\1.5.6\javax.mail-1.5.6.jar;C:\Users\Nithya\.m2\repository\javax\activation\activation\1.1\activation-1.1.jar;C:\Users\Nithya\.m2\repository\org\testng\testng\7.9.0\testng-7.9.0.jar;C:\Users\Nithya\.m2\repository\com\beust\jcommander\1.82\jcommander-1.82.jar;C:\Users\Nithya\.m2\repository\org\webjars\jquery\3.7.1\jquery-3.7.1.jar;C:\Users\Nithya\.m2\repository\com\aventstack\extentreports\5.0.9\extentreports-5.0.9.jar;C:\Users\Nithya\.m2\repository\io\reactivex\rxjava3\rxjava\3.0.4\rxjava-3.0.4.jar;C:\Users\Nithya\.m2\repository\org\reactivestreams\reactive-streams\1.0.3\reactive-streams-1.0.3.jar;C:\Users\Nithya\.m2\repository\org\freemarker\freemarker\2.3.30\freemarker-2.3.30.jar;C:\Users\Nithya\.m2\repository\org\projectlombok\lombok\1.18.12\lombok-1.18.12.jar;C:\Users\Nithya\.m2\repository\com\google\code\gson\gson\2.8.6\gson-2.8.6.jar;"/>
    <property name="java.vm.vendor" value="Oracle Corporation"/>
    <property name="sun.arch.data.model" value="64"/>
    <property name="user.variant" value=""/>
    <property name="java.vendor.url" value="https://java.oracle.com/"/>
    <property name="user.timezone" value="Asia/Calcutta"/>
    <property name="os.name" value="Windows 10"/>
    <property name="java.vm.specification.version" value="16"/>
    <property name="sun.java.launcher" value="SUN_STANDARD"/>
    <property name="user.country" value="IN"/>
    <property name="sun.boot.library.path" value="C:\Users\Nithya\Downloads\eclipse-java-2021-06-R-win32-x86_64\eclipse\plugins\org.eclipse.justj.openjdk.hotspot.jre.full.win32.x86_64_16.0.1.v20210528-1205\jre\bin"/>
    <property name="sun.java.command" value="C:\Users\Nithya\AppData\Local\Temp\surefire3644417209014175823\surefirebooter-20241107223946555_3.jar C:\Users\Nithya\AppData\Local\Temp\surefire3644417209014175823 2024-11-07T22-39-46_397-jvmRun1 surefire-20241107223946555_1tmp surefire_0-20241107223946555_2tmp"/>
    <property name="jdk.debug" value="release"/>
    <property name="surefire.test.class.path" value="C:\Users\Nithya\Documents\Work\SeleniumEcommerceE2E\target\test-classes;C:\Users\Nithya\Documents\Work\SeleniumEcommerceE2E\target\classes;C:\Users\Nithya\.m2\repository\ch\qos\logback\logback-classic\1.2.11\logback-classic-1.2.11.jar;C:\Users\Nithya\.m2\repository\ch\qos\logback\logback-core\1.2.11\logback-core-1.2.11.jar;C:\Users\Nithya\.m2\repository\org\slf4j\slf4j-api\1.7.32\slf4j-api-1.7.32.jar;C:\Users\Nithya\.m2\repository\org\apache\logging\log4j\log4j-slf4j-impl\2.17.2\log4j-slf4j-impl-2.17.2.jar;C:\Users\Nithya\.m2\repository\org\apache\logging\log4j\log4j-core\2.20.0\log4j-core-2.20.0.jar;C:\Users\Nithya\.m2\repository\org\apache\logging\log4j\log4j-api\2.20.0\log4j-api-2.20.0.jar;C:\Users\Nithya\.m2\repository\org\seleniumhq\selenium\selenium-java\4.11.0\selenium-java-4.11.0.jar;C:\Users\Nithya\.m2\repository\org\seleniumhq\selenium\selenium-api\4.11.0\selenium-api-4.11.0.jar;C:\Users\Nithya\.m2\repository\org\seleniumhq\selenium\selenium-chrome-driver\4.11.0\selenium-chrome-driver-4.11.0.jar;C:\Users\Nithya\.m2\repository\com\google\auto\service\auto-service-annotations\1.0.1\auto-service-annotations-1.0.1.jar;C:\Users\Nithya\.m2\repository\com\google\guava\guava\31.1-jre\guava-31.1-jre.jar;C:\Users\Nithya\.m2\repository\com\google\guava\failureaccess\1.0.1\failureaccess-1.0.1.jar;C:\Users\Nithya\.m2\repository\com\google\guava\listenablefuture\9999.0-empty-to-avoid-conflict-with-guava\listenablefuture-9999.0-empty-to-avoid-conflict-with-guava.jar;C:\Users\Nithya\.m2\repository\com\google\code\findbugs\jsr305\3.0.2\jsr305-3.0.2.jar;C:\Users\Nithya\.m2\repository\org\checkerframework\checker-qual\3.12.0\checker-qual-3.12.0.jar;C:\Users\Nithya\.m2\repository\com\google\errorprone\error_prone_annotations\2.11.0\error_prone_annotations-2.11.0.jar;C:\Users\Nithya\.m2\repository\com\google\j2objc\j2objc-annotations\1.3\j2objc-annotations-1.3.jar;C:\Users\Nithya\.m2\repository\org\seleniumhq\selenium\selenium-chromium-driver\4.11.0\selenium-chromium-driver-4.11.0.jar;C:\Users\Nithya\.m2\repository\org\seleniumhq\selenium\selenium-json\4.11.0\selenium-json-4.11.0.jar;C:\Users\Nithya\.m2\repository\org\seleniumhq\selenium\selenium-manager\4.11.0\selenium-manager-4.11.0.jar;C:\Users\Nithya\.m2\repository\org\seleniumhq\selenium\selenium-devtools-v113\4.11.0\selenium-devtools-v113-4.11.0.jar;C:\Users\Nithya\.m2\repository\org\seleniumhq\selenium\selenium-devtools-v114\4.11.0\selenium-devtools-v114-4.11.0.jar;C:\Users\Nithya\.m2\repository\org\seleniumhq\selenium\selenium-devtools-v115\4.11.0\selenium-devtools-v115-4.11.0.jar;C:\Users\Nithya\.m2\repository\org\seleniumhq\selenium\selenium-devtools-v85\4.11.0\selenium-devtools-v85-4.11.0.jar;C:\Users\Nithya\.m2\repository\org\seleniumhq\selenium\selenium-edge-driver\4.11.0\selenium-edge-driver-4.11.0.jar;C:\Users\Nithya\.m2\repository\org\seleniumhq\selenium\selenium-firefox-driver\4.11.0\selenium-firefox-driver-4.11.0.jar;C:\Users\Nithya\.m2\repository\org\seleniumhq\selenium\selenium-http\4.11.0\selenium-http-4.11.0.jar;C:\Users\Nithya\.m2\repository\dev\failsafe\failsafe\3.3.1\failsafe-3.3.1.jar;C:\Users\Nithya\.m2\repository\org\seleniumhq\selenium\selenium-ie-driver\4.11.0\selenium-ie-driver-4.11.0.jar;C:\Users\Nithya\.m2\repository\org\seleniumhq\selenium\selenium-remote-driver\4.11.0\selenium-remote-driver-4.11.0.jar;C:\Users\Nithya\.m2\repository\io\netty\netty-buffer\4.1.92.Final\netty-buffer-4.1.92.Final.jar;C:\Users\Nithya\.m2\repository\io\netty\netty-codec-http\4.1.92.Final\netty-codec-http-4.1.92.Final.jar;C:\Users\Nithya\.m2\repository\io\netty\netty-codec\4.1.92.Final\netty-codec-4.1.92.Final.jar;C:\Users\Nithya\.m2\repository\io\netty\netty-handler\4.1.92.Final\netty-handler-4.1.92.Final.jar;C:\Users\Nithya\.m2\repository\io\netty\netty-common\4.1.92.Final\netty-common-4.1.92.Final.jar;C:\Users\Nithya\.m2\repository\io\netty\netty-transport-classes-epoll\4.1.92.Final\netty-transport-classes-epoll-4.1.92.Final.jar;C:\Users\Nithya\.m2\repository\io\netty\netty-transport-classes-kqueue\4.1.92.Final\netty-transport-classes-kqueue-4.1.92.Final.jar;C:\Users\Nithya\.m2\repository\io\netty\netty-transport-native-epoll\4.1.92.Final\netty-transport-native-epoll-4.1.92.Final.jar;C:\Users\Nithya\.m2\repository\io\netty\netty-transport-native-kqueue\4.1.92.Final\netty-transport-native-kqueue-4.1.92.Final.jar;C:\Users\Nithya\.m2\repository\io\netty\netty-transport-native-unix-common\4.1.92.Final\netty-transport-native-unix-common-4.1.92.Final.jar;C:\Users\Nithya\.m2\repository\io\netty\netty-transport\4.1.92.Final\netty-transport-4.1.92.Final.jar;C:\Users\Nithya\.m2\repository\io\netty\netty-resolver\4.1.92.Final\netty-resolver-4.1.92.Final.jar;C:\Users\Nithya\.m2\repository\io\opentelemetry\opentelemetry-api\1.26.0\opentelemetry-api-1.26.0.jar;C:\Users\Nithya\.m2\repository\io\opentelemetry\opentelemetry-context\1.26.0\opentelemetry-context-1.26.0.jar;C:\Users\Nithya\.m2\repository\io\opentelemetry\opentelemetry-exporter-logging\1.26.0\opentelemetry-exporter-logging-1.26.0.jar;C:\Users\Nithya\.m2\repository\io\opentelemetry\opentelemetry-sdk-metrics\1.26.0\opentelemetry-sdk-metrics-1.26.0.jar;C:\Users\Nithya\.m2\repository\io\opentelemetry\opentelemetry-extension-incubator\1.26.0-alpha\opentelemetry-extension-incubator-1.26.0-alpha.jar;C:\Users\Nithya\.m2\repository\io\opentelemetry\opentelemetry-sdk-logs\1.26.0-alpha\opentelemetry-sdk-logs-1.26.0-alpha.jar;C:\Users\Nithya\.m2\repository\io\opentelemetry\opentelemetry-api-logs\1.26.0-alpha\opentelemetry-api-logs-1.26.0-alpha.jar;C:\Users\Nithya\.m2\repository\io\opentelemetry\opentelemetry-api-events\1.26.0-alpha\opentelemetry-api-events-1.26.0-alpha.jar;C:\Users\Nithya\.m2\repository\io\opentelemetry\opentelemetry-sdk-common\1.26.0\opentelemetry-sdk-common-1.26.0.jar;C:\Users\Nithya\.m2\repository\io\opentelemetry\opentelemetry-sdk-extension-autoconfigure-spi\1.26.0\opentelemetry-sdk-extension-autoconfigure-spi-1.26.0.jar;C:\Users\Nithya\.m2\repository\io\opentelemetry\opentelemetry-sdk-extension-autoconfigure\1.26.0-alpha\opentelemetry-sdk-extension-autoconfigure-1.26.0-alpha.jar;C:\Users\Nithya\.m2\repository\io\opentelemetry\opentelemetry-sdk-trace\1.26.0\opentelemetry-sdk-trace-1.26.0.jar;C:\Users\Nithya\.m2\repository\io\opentelemetry\opentelemetry-sdk\1.26.0\opentelemetry-sdk-1.26.0.jar;C:\Users\Nithya\.m2\repository\io\opentelemetry\opentelemetry-semconv\1.26.0-alpha\opentelemetry-semconv-1.26.0-alpha.jar;C:\Users\Nithya\.m2\repository\net\bytebuddy\byte-buddy\1.14.4\byte-buddy-1.14.4.jar;C:\Users\Nithya\.m2\repository\org\apache\commons\commons-exec\1.3\commons-exec-1.3.jar;C:\Users\Nithya\.m2\repository\org\asynchttpclient\async-http-client\2.12.3\async-http-client-2.12.3.jar;C:\Users\Nithya\.m2\repository\org\asynchttpclient\async-http-client-netty-utils\2.12.3\async-http-client-netty-utils-2.12.3.jar;C:\Users\Nithya\.m2\repository\io\netty\netty-codec-socks\4.1.60.Final\netty-codec-socks-4.1.60.Final.jar;C:\Users\Nithya\.m2\repository\io\netty\netty-handler-proxy\4.1.60.Final\netty-handler-proxy-4.1.60.Final.jar;C:\Users\Nithya\.m2\repository\io\netty\netty-transport-native-epoll\4.1.60.Final\netty-transport-native-epoll-4.1.60.Final-linux-x86_64.jar;C:\Users\Nithya\.m2\repository\io\netty\netty-transport-native-kqueue\4.1.60.Final\netty-transport-native-kqueue-4.1.60.Final-osx-x86_64.jar;C:\Users\Nithya\.m2\repository\com\typesafe\netty\netty-reactive-streams\2.0.4\netty-reactive-streams-2.0.4.jar;C:\Users\Nithya\.m2\repository\com\sun\activation\jakarta.activation\1.2.2\jakarta.activation-1.2.2.jar;C:\Users\Nithya\.m2\repository\org\seleniumhq\selenium\selenium-safari-driver\4.11.0\selenium-safari-driver-4.11.0.jar;C:\Users\Nithya\.m2\repository\org\seleniumhq\selenium\selenium-support\4.11.0\selenium-support-4.11.0.jar;C:\Users\Nithya\.m2\repository\org\apache\poi\poi\5.3.0\poi-5.3.0.jar;C:\Users\Nithya\.m2\repository\commons-codec\commons-codec\1.17.0\commons-codec-1.17.0.jar;C:\Users\Nithya\.m2\repository\org\apache\commons\commons-collections4\4.4\commons-collections4-4.4.jar;C:\Users\Nithya\.m2\repository\org\apache\commons\commons-math3\3.6.1\commons-math3-3.6.1.jar;C:\Users\Nithya\.m2\repository\com\zaxxer\SparseBitSet\1.3\SparseBitSet-1.3.jar;C:\Users\Nithya\.m2\repository\org\apache\poi\poi-ooxml\5.3.0\poi-ooxml-5.3.0.jar;C:\Users\Nithya\.m2\repository\org\apache\poi\poi-ooxml-lite\5.3.0\poi-ooxml-lite-5.3.0.jar;C:\Users\Nithya\.m2\repository\org\apache\xmlbeans\xmlbeans\5.2.1\xmlbeans-5.2.1.jar;C:\Users\Nithya\.m2\repository\org\apache\commons\commons-compress\1.26.2\commons-compress-1.26.2.jar;C:\Users\Nithya\.m2\repository\com\github\virtuald\curvesapi\1.08\curvesapi-1.08.jar;C:\Users\Nithya\.m2\repository\commons-io\commons-io\2.14.0\commons-io-2.14.0.jar;C:\Users\Nithya\.m2\repository\org\apache\commons\commons-lang3\3.13.0\commons-lang3-3.13.0.jar;C:\Users\Nithya\.m2\repository\org\apache\commons\commons-email\1.5\commons-email-1.5.jar;C:\Users\Nithya\.m2\repository\com\sun\mail\javax.mail\1.5.6\javax.mail-1.5.6.jar;C:\Users\Nithya\.m2\repository\javax\activation\activation\1.1\activation-1.1.jar;C:\Users\Nithya\.m2\repository\org\testng\testng\7.9.0\testng-7.9.0.jar;C:\Users\Nithya\.m2\repository\com\beust\jcommander\1.82\jcommander-1.82.jar;C:\Users\Nithya\.m2\repository\org\webjars\jquery\3.7.1\jquery-3.7.1.jar;C:\Users\Nithya\.m2\repository\com\aventstack\extentreports\5.0.9\extentreports-5.0.9.jar;C:\Users\Nithya\.m2\repository\io\reactivex\rxjava3\rxjava\3.0.4\rxjava-3.0.4.jar;C:\Users\Nithya\.m2\repository\org\reactivestreams\reactive-streams\1.0.3\reactive-streams-1.0.3.jar;C:\Users\Nithya\.m2\repository\org\freemarker\freemarker\2.3.30\freemarker-2.3.30.jar;C:\Users\Nithya\.m2\repository\org\projectlombok\lombok\1.18.12\lombok-1.18.12.jar;C:\Users\Nithya\.m2\repository\com\google\code\gson\gson\2.8.6\gson-2.8.6.jar;"/>
    <property name="sun.cpu.endian" value="little"/>
    <property name="user.home" value="C:\Users\Nithya"/>
    <property name="user.language" value="en"/>
    <property name="java.specification.vendor" value="Oracle Corporation"/>
    <property name="java.version.date" value="2021-04-20"/>
    <property name="java.home" value="C:\Users\Nithya\Downloads\eclipse-java-2021-06-R-win32-x86_64\eclipse\plugins\org.eclipse.justj.openjdk.hotspot.jre.full.win32.x86_64_16.0.1.v20210528-1205\jre"/>
    <property name="file.separator" value="\"/>
    <property name="style.color" value="always"/>
    <property name="basedir" value="C:\Users\Nithya\Documents\Work\SeleniumEcommerceE2E"/>
    <property name="java.vm.compressedOopsMode" value="32-bit"/>
    <property name="line.separator" value="&#10;"/>
    <property name="java.vm.specification.vendor" value="Oracle Corporation"/>
    <property name="java.specification.name" value="Java Platform API Specification"/>
    <property name="surefire.real.class.path" value="C:\Users\Nithya\AppData\Local\Temp\surefire3644417209014175823\surefirebooter-20241107223946555_3.jar"/>
    <property name="user.script" value=""/>
    <property name="sun.management.compiler" value="HotSpot 64-Bit Tiered Compilers"/>
    <property name="java.runtime.version" value="16.0.1+9-24"/>
    <property name="user.name" value="Nithya"/>
    <property name="path.separator" value=";"/>
    <property name="os.version" value="10.0"/>
    <property name="java.runtime.name" value="OpenJDK Runtime Environment"/>
    <property name="file.encoding" value="Cp1252"/>
    <property name="java.vm.name" value="OpenJDK 64-Bit Server VM"/>
    <property name="localRepository" value="C:\Users\Nithya\.m2\repository"/>
    <property name="java.vendor.url.bug" value="https://bugreport.java.com/bugreport/"/>
    <property name="java.io.tmpdir" value="C:\Users\Nithya\AppData\Local\Temp\"/>
    <property name="java.version" value="16.0.1"/>
    <property name="user.dir" value="C:\Users\Nithya\Documents\Work\SeleniumEcommerceE2E"/>
    <property name="os.arch" value="amd64"/>
    <property name="java.vm.specification.name" value="Java Virtual Machine Specification"/>
    <property name="sun.os.patch.level" value=""/>
    <property name="java.library.path" value="C:\Users\Nithya\Downloads\eclipse-java-2021-06-R-win32-x86_64\eclipse\plugins\org.eclipse.justj.openjdk.hotspot.jre.full.win32.x86_64_16.0.1.v20210528-1205\jre\bin;C:\WINDOWS\Sun\Java\bin;C:\WINDOWS\system32;C:\WINDOWS;C:/Users/Nithya/.p2/pool/plugins/org.eclipse.justj.openjdk.hotspot.jre.full.win32.x86_64_22.0.1.v20240426-1149/jre/bin/server;C:/Users/Nithya/.p2/pool/plugins/org.eclipse.justj.openjdk.hotspot.jre.full.win32.x86_64_22.0.1.v20240426-1149/jre/bin;C:\Program Files\Common Files\Oracle\Java\javapath;C:\WINDOWS\system32;C:\WINDOWS;C:\WINDOWS\System32\Wbem;C:\WINDOWS\System32\WindowsPowerShell\v1.0\;C:\WINDOWS\System32\OpenSSH\;C:\Users\Nithya\Downloads\apache-maven-3.8.2-bin\apache-maven-3.8.2\bin;C:\Android;C:\Windows\System32;C:\Program Files\nodejs\;C:\apache-maven-3.9.9\bin;C:\Program Files\Git\cmd;C:\Program Files\Java\jdk-21\bin;C:\Users\Nithya\AppData\Local\Microsoft\WindowsApps;C:\Users\Nithya\AppData\Local\Programs\Microsoft VS Code\bin;C:\Users\Nithya\AppData\Roaming\npm;C:\Users\Nithya\eclipse\java-2024-06\eclipse;;."/>
    <property name="java.vm.info" value="mixed mode"/>
    <property name="java.vendor" value="Oracle Corporation"/>
    <property name="java.vm.version" value="16.0.1+9-24"/>
    <property name="sun.io.unicode.encoding" value="UnicodeLittle"/>
    <property name="java.class.version" value="60.0"/>
  </properties>
  <testcase name="verify_account_registration" classname="testCases.AccountRegistrationTC" time="2.199">
    <system-out><![CDATA[22:39:47.104 [main] DEBUG org.testng.TestNG - suiteXmlPath: "C:\Users\Nithya\Documents\Work\SeleniumEcommerceE2E\groupstestng.xml"
22:39:47.152 [main] WARN org.testng.xml.TestNGContentHandler - It is strongly recommended to add "<!DOCTYPE suite SYSTEM "https://testng.org/testng-1.1.dtd" >" at the top of the suite file [C:\Users\Nithya\Documents\Work\SeleniumEcommerceE2E\groupstestng.xml] otherwise TestNG may fail or not work as expected.
22:39:48.457 [main] DEBUG io.netty.util.internal.logging.InternalLoggerFactory - Using SLF4J as the default logging framework
22:39:48.460 [main] DEBUG io.netty.util.ResourceLeakDetector - -Dio.netty.leakDetection.level: simple
22:39:48.460 [main] DEBUG io.netty.util.ResourceLeakDetector - -Dio.netty.leakDetection.targetRecords: 4
22:39:48.465 [main] DEBUG io.netty.util.ResourceLeakDetectorFactory - Loaded default ResourceLeakDetector: io.netty.util.ResourceLeakDetector@3249a1ce
22:39:48.484 [main] DEBUG io.netty.util.internal.PlatformDependent0 - -Dio.netty.noUnsafe: false
22:39:48.484 [main] DEBUG io.netty.util.internal.PlatformDependent0 - Java version: 16
22:39:48.486 [main] DEBUG io.netty.util.internal.PlatformDependent0 - sun.misc.Unsafe.theUnsafe: available
22:39:48.486 [main] DEBUG io.netty.util.internal.PlatformDependent0 - sun.misc.Unsafe.copyMemory: available
22:39:48.487 [main] DEBUG io.netty.util.internal.PlatformDependent0 - sun.misc.Unsafe.storeFence: available
22:39:48.487 [main] DEBUG io.netty.util.internal.PlatformDependent0 - java.nio.Buffer.address: available
22:39:48.487 [main] DEBUG io.netty.util.internal.PlatformDependent0 - direct buffer constructor: unavailable: Reflective setAccessible(true) disabled
22:39:48.488 [main] DEBUG io.netty.util.internal.PlatformDependent0 - java.nio.Bits.unaligned: available, true
22:39:48.489 [main] DEBUG io.netty.util.internal.PlatformDependent0 - jdk.internal.misc.Unsafe.allocateUninitializedArray(int): unavailable: class io.netty.util.internal.PlatformDependent0$7 cannot access class jdk.internal.misc.Unsafe (in module java.base) because module java.base does not export jdk.internal.misc to unnamed module @4145bad8
22:39:48.490 [main] DEBUG io.netty.util.internal.PlatformDependent0 - java.nio.DirectByteBuffer.<init>(long, int): unavailable
22:39:48.490 [main] DEBUG io.netty.util.internal.PlatformDependent - sun.misc.Unsafe: available
22:39:48.490 [main] DEBUG io.netty.util.internal.PlatformDependent - maxDirectMemory: 2086666240 bytes (maybe)
22:39:48.490 [main] DEBUG io.netty.util.internal.PlatformDependent - -Dio.netty.tmpdir: C:\Users\Nithya\AppData\Local\Temp (java.io.tmpdir)
22:39:48.490 [main] DEBUG io.netty.util.internal.PlatformDependent - -Dio.netty.bitMode: 64 (sun.arch.data.model)
22:39:48.491 [main] DEBUG io.netty.util.internal.PlatformDependent - Platform: Windows
22:39:48.492 [main] DEBUG io.netty.util.internal.PlatformDependent - -Dio.netty.maxDirectMemory: -1 bytes
22:39:48.492 [main] DEBUG io.netty.util.internal.PlatformDependent - -Dio.netty.uninitializedArrayAllocationThreshold: -1
22:39:48.493 [main] DEBUG io.netty.util.internal.CleanerJava9 - java.nio.ByteBuffer.cleaner(): available
22:39:48.493 [main] DEBUG io.netty.util.internal.PlatformDependent - -Dio.netty.noPreferDirect: false
22:39:48.500 [main] DEBUG io.netty.util.internal.PlatformDependent - org.jctools-core.MpscChunkedArrayQueue: available
22:39:48.515 [main] DEBUG io.netty.util.internal.InternalThreadLocalMap - -Dio.netty.threadLocalMap.stringBuilder.initialSize: 1024
22:39:48.515 [main] DEBUG io.netty.util.internal.InternalThreadLocalMap - -Dio.netty.threadLocalMap.stringBuilder.maxSize: 4096
22:39:48.653 [main] DEBUG io.netty.handler.ssl.JdkSslContext - Default protocols (JDK): [TLSv1.3, TLSv1.2] 
22:39:48.653 [main] DEBUG io.netty.handler.ssl.JdkSslContext - Default cipher suites (JDK): [TLS_ECDHE_ECDSA_WITH_AES_256_GCM_SHA384, TLS_ECDHE_ECDSA_WITH_AES_128_GCM_SHA256, TLS_ECDHE_RSA_WITH_AES_128_GCM_SHA256, TLS_ECDHE_RSA_WITH_AES_256_GCM_SHA384, TLS_ECDHE_RSA_WITH_AES_128_CBC_SHA, TLS_ECDHE_RSA_WITH_AES_256_CBC_SHA, TLS_RSA_WITH_AES_128_GCM_SHA256, TLS_RSA_WITH_AES_128_CBC_SHA, TLS_RSA_WITH_AES_256_CBC_SHA, TLS_AES_128_GCM_SHA256, TLS_AES_256_GCM_SHA384]
22:39:48.662 [main] DEBUG io.netty.util.concurrent.GlobalEventExecutor - -Dio.netty.globalEventExecutor.quietPeriodSeconds: 1
22:39:48.672 [main] DEBUG io.netty.channel.MultithreadEventLoopGroup - -Dio.netty.eventLoopThreads: 16
22:39:48.678 [main] DEBUG io.netty.channel.nio.NioEventLoop - -Dio.netty.noKeySetOptimization: false
22:39:48.678 [main] DEBUG io.netty.channel.nio.NioEventLoop - -Dio.netty.selectorAutoRebuildThreshold: 512
22:39:48.715 [main] DEBUG io.netty.buffer.PooledByteBufAllocator - -Dio.netty.allocator.numHeapArenas: 16
22:39:48.715 [main] DEBUG io.netty.buffer.PooledByteBufAllocator - -Dio.netty.allocator.numDirectArenas: 16
22:39:48.715 [main] DEBUG io.netty.buffer.PooledByteBufAllocator - -Dio.netty.allocator.pageSize: 8192
22:39:48.715 [main] DEBUG io.netty.buffer.PooledByteBufAllocator - -Dio.netty.allocator.maxOrder: 9
22:39:48.715 [main] DEBUG io.netty.buffer.PooledByteBufAllocator - -Dio.netty.allocator.chunkSize: 4194304
22:39:48.715 [main] DEBUG io.netty.buffer.PooledByteBufAllocator - -Dio.netty.allocator.smallCacheSize: 256
22:39:48.715 [main] DEBUG io.netty.buffer.PooledByteBufAllocator - -Dio.netty.allocator.normalCacheSize: 64
22:39:48.716 [main] DEBUG io.netty.buffer.PooledByteBufAllocator - -Dio.netty.allocator.maxCachedBufferCapacity: 32768
22:39:48.716 [main] DEBUG io.netty.buffer.PooledByteBufAllocator - -Dio.netty.allocator.cacheTrimInterval: 8192
22:39:48.716 [main] DEBUG io.netty.buffer.PooledByteBufAllocator - -Dio.netty.allocator.cacheTrimIntervalMillis: 0
22:39:48.716 [main] DEBUG io.netty.buffer.PooledByteBufAllocator - -Dio.netty.allocator.useCacheForAllThreads: false
22:39:48.716 [main] DEBUG io.netty.buffer.PooledByteBufAllocator - -Dio.netty.allocator.maxCachedByteBuffersPerChunk: 1023
22:39:48.724 [main] DEBUG io.netty.buffer.ByteBufUtil - -Dio.netty.allocator.type: pooled
22:39:48.724 [main] DEBUG io.netty.buffer.ByteBufUtil - -Dio.netty.threadLocalDirectBufferSize: 0
22:39:48.724 [main] DEBUG io.netty.buffer.ByteBufUtil - -Dio.netty.maxThreadLocalCharBufferSize: 16384
22:39:48.943 [Forwarding newSession on session null to remote] DEBUG io.netty.channel.DefaultChannelId - -Dio.netty.processId: 16208 (auto-detected)
22:39:48.945 [Forwarding newSession on session null to remote] DEBUG io.netty.util.NetUtil - -Djava.net.preferIPv4Stack: false
22:39:48.945 [Forwarding newSession on session null to remote] DEBUG io.netty.util.NetUtil - -Djava.net.preferIPv6Addresses: false
22:39:48.951 [Forwarding newSession on session null to remote] DEBUG io.netty.util.NetUtilInitializations - Loopback interface: lo (Software Loopback Interface 1, 127.0.0.1)
22:39:48.951 [Forwarding newSession on session null to remote] DEBUG io.netty.util.NetUtil - Failed to get SOMAXCONN from sysctl and file \proc\sys\net\core\somaxconn. Default: 200
22:39:48.967 [Forwarding newSession on session null to remote] DEBUG io.netty.channel.DefaultChannelId - -Dio.netty.machineId: 8c:55:4a:ff:fe:b6:69:6c (auto-detected)
22:39:48.996 [AsyncHttpClient-1-2] DEBUG io.netty.buffer.AbstractByteBuf - -Dio.netty.buffer.checkAccessible: true
22:39:48.996 [AsyncHttpClient-1-2] DEBUG io.netty.buffer.AbstractByteBuf - -Dio.netty.buffer.checkBounds: true
22:39:48.996 [AsyncHttpClient-1-2] DEBUG io.netty.util.ResourceLeakDetectorFactory - Loaded default ResourceLeakDetector: io.netty.util.ResourceLeakDetector@1a18c0fb
22:39:49.006 [AsyncHttpClient-1-2] DEBUG org.asynchttpclient.netty.channel.NettyConnectListener - Using new Channel '[id: 0xd471aeaa, L:/127.0.0.1:59130 - R:localhost/127.0.0.1:24527]' for 'POST' to '/session'
22:39:49.017 [AsyncHttpClient-1-2] DEBUG io.netty.util.Recycler - -Dio.netty.recycler.maxCapacityPerThread: 4096
22:39:49.017 [AsyncHttpClient-1-2] DEBUG io.netty.util.Recycler - -Dio.netty.recycler.ratio: 8
22:39:49.017 [AsyncHttpClient-1-2] DEBUG io.netty.util.Recycler - -Dio.netty.recycler.chunkSize: 32
22:39:49.017 [AsyncHttpClient-1-2] DEBUG io.netty.util.Recycler - -Dio.netty.recycler.blocking: false
22:39:49.017 [AsyncHttpClient-1-2] DEBUG io.netty.util.Recycler - -Dio.netty.recycler.batchFastThreadLocalOnly: true
22:39:49.718 [AsyncHttpClient-1-2] DEBUG io.netty.handler.codec.compression.Brotli - brotli4j not in the classpath; Brotli support will be unavailable.
22:39:49.718 [AsyncHttpClient-1-2] DEBUG org.asynchttpclient.netty.handler.HttpHandler - 

Request DefaultHttpRequest(decodeResult: success, version: HTTP/1.1)
POST /session HTTP/1.1
User-Agent: selenium/4.11.0 (java windows)
Content-Length: 640
Content-Type: application/json; charset=utf-8
host: localhost:24527
accept: */*

Response DefaultHttpResponse(decodeResult: success, version: HTTP/1.1)
HTTP/1.1 200 OK
Content-Length: 884
Content-Type: application/json; charset=utf-8
cache-control: no-cache

22:39:49.730 [AsyncHttpClient-1-2] DEBUG org.asynchttpclient.netty.channel.ChannelManager - Adding key: http://localhost:24527 for channel [id: 0xd471aeaa, L:/127.0.0.1:59130 - R:localhost/127.0.0.1:24527]
22:39:49.834 [AsyncHttpClient-1-3] DEBUG org.asynchttpclient.netty.channel.NettyConnectListener - Using new Channel '[id: 0x78861dbc, L:/127.0.0.1:59138 - R:localhost/127.0.0.1:59131]' for 'GET' to '/json/version'
22:39:49.837 [AsyncHttpClient-1-3] DEBUG org.asynchttpclient.netty.handler.HttpHandler - 

Request DefaultFullHttpRequest(decodeResult: success, version: HTTP/1.1, content: EmptyByteBufBE)
GET /json/version HTTP/1.1
User-Agent: selenium/4.11.0 (java windows)
host: localhost:59131
accept: */*

Response DefaultHttpResponse(decodeResult: success, version: HTTP/1.1)
HTTP/1.1 200 OK
Content-Security-Policy: frame-ancestors 'none'
Content-Length: 423
Content-Type: application/json; charset=UTF-8

22:39:49.838 [AsyncHttpClient-1-3] DEBUG org.asynchttpclient.netty.channel.ChannelManager - Adding key: http://localhost:59131 for channel [id: 0x78861dbc, L:/127.0.0.1:59138 - R:localhost/127.0.0.1:59131]
22:39:49.849 [main] DEBUG io.netty.util.internal.ThreadLocalRandom - -Dio.netty.initialSeedUniquifier: 0xb60ea0b125ace7ee
22:39:49.854 [AsyncHttpClient-1-4] DEBUG org.asynchttpclient.netty.channel.NettyConnectListener - Using new Channel '[id: 0x2e193b1f, L:/127.0.0.1:59139 - R:localhost/127.0.0.1:59131]' for 'GET' to '/devtools/browser/83684970-a21b-496f-b3ae-71de692a8324'
22:39:49.858 [AsyncHttpClient-1-4] DEBUG org.asynchttpclient.netty.handler.WebSocketHandler - 

Request DefaultFullHttpRequest(decodeResult: success, version: HTTP/1.1, content: EmptyByteBufBE)
GET /devtools/browser/83684970-a21b-496f-b3ae-71de692a8324 HTTP/1.1
upgrade: websocket
connection: upgrade
sec-websocket-key: RLbu8Uyg1Xam4JLHjgZFXw==
sec-websocket-version: 13
origin: http://localhost:59131
host: localhost:59131
accept: */*
user-agent: AHC/2.1

Response DefaultHttpResponse(decodeResult: success, version: HTTP/1.1)
HTTP/1.1 101 WebSocket Protocol Handshake
Upgrade: WebSocket
Connection: Upgrade
Sec-WebSocket-Accept: 8y8pl4WNJHe0zFUUqRIIu/YQ5XE=

22:39:49.920 [Forwarding deleteAllCookies on session 662ad015a02e5c592067f98fbb362b4a to remote] DEBUG org.asynchttpclient.netty.request.NettyRequestSender - Using pooled Channel '[id: 0xd471aeaa, L:/127.0.0.1:59130 - R:localhost/127.0.0.1:24527]' for 'DELETE' to 'http://localhost:24527/session/662ad015a02e5c592067f98fbb362b4a/cookie'
22:39:49.920 [Forwarding deleteAllCookies on session 662ad015a02e5c592067f98fbb362b4a to remote] DEBUG org.asynchttpclient.netty.request.NettyRequestSender - Using open Channel [id: 0xd471aeaa, L:/127.0.0.1:59130 - R:localhost/127.0.0.1:24527] for DELETE '/session/662ad015a02e5c592067f98fbb362b4a/cookie'
22:39:49.930 [AsyncHttpClient-1-2] DEBUG org.asynchttpclient.netty.handler.HttpHandler - 

Request DefaultFullHttpRequest(decodeResult: success, version: HTTP/1.1, content: EmptyByteBufBE)
DELETE /session/662ad015a02e5c592067f98fbb362b4a/cookie HTTP/1.1
User-Agent: selenium/4.11.0 (java windows)
Content-Type: application/json; charset=utf-8
host: localhost:24527
accept: */*

Response DefaultHttpResponse(decodeResult: success, version: HTTP/1.1)
HTTP/1.1 200 OK
Content-Length: 14
Content-Type: application/json; charset=utf-8
cache-control: no-cache

22:39:49.930 [AsyncHttpClient-1-2] DEBUG org.asynchttpclient.netty.channel.ChannelManager - Adding key: http://localhost:24527 for channel [id: 0xd471aeaa, L:/127.0.0.1:59130 - R:localhost/127.0.0.1:24527]
22:39:49.938 [Forwarding setTimeout on session 662ad015a02e5c592067f98fbb362b4a to remote] DEBUG org.asynchttpclient.netty.request.NettyRequestSender - Using pooled Channel '[id: 0xd471aeaa, L:/127.0.0.1:59130 - R:localhost/127.0.0.1:24527]' for 'POST' to 'http://localhost:24527/session/662ad015a02e5c592067f98fbb362b4a/timeouts'
22:39:49.938 [Forwarding setTimeout on session 662ad015a02e5c592067f98fbb362b4a to remote] DEBUG org.asynchttpclient.netty.request.NettyRequestSender - Using open Channel [id: 0xd471aeaa, L:/127.0.0.1:59130 - R:localhost/127.0.0.1:24527] for POST '/session/662ad015a02e5c592067f98fbb362b4a/timeouts'
22:39:49.939 [AsyncHttpClient-1-2] DEBUG org.asynchttpclient.netty.handler.HttpHandler - 

Request DefaultHttpRequest(decodeResult: success, version: HTTP/1.1)
POST /session/662ad015a02e5c592067f98fbb362b4a/timeouts HTTP/1.1
User-Agent: selenium/4.11.0 (java windows)
Content-Length: 23
Content-Type: application/json; charset=utf-8
host: localhost:24527
accept: */*

Response DefaultHttpResponse(decodeResult: success, version: HTTP/1.1)
HTTP/1.1 200 OK
Content-Length: 14
Content-Type: application/json; charset=utf-8
cache-control: no-cache

22:39:49.940 [AsyncHttpClient-1-2] DEBUG org.asynchttpclient.netty.channel.ChannelManager - Adding key: http://localhost:24527 for channel [id: 0xd471aeaa, L:/127.0.0.1:59130 - R:localhost/127.0.0.1:24527]
22:39:49.945 [Forwarding maximizeCurrentWindow on session 662ad015a02e5c592067f98fbb362b4a to remote] DEBUG org.asynchttpclient.netty.request.NettyRequestSender - Using pooled Channel '[id: 0xd471aeaa, L:/127.0.0.1:59130 - R:localhost/127.0.0.1:24527]' for 'POST' to 'http://localhost:24527/session/662ad015a02e5c592067f98fbb362b4a/window/maximize'
22:39:49.945 [Forwarding maximizeCurrentWindow on session 662ad015a02e5c592067f98fbb362b4a to remote] DEBUG org.asynchttpclient.netty.request.NettyRequestSender - Using open Channel [id: 0xd471aeaa, L:/127.0.0.1:59130 - R:localhost/127.0.0.1:24527] for POST '/session/662ad015a02e5c592067f98fbb362b4a/window/maximize'
22:39:49.994 [AsyncHttpClient-1-2] DEBUG org.asynchttpclient.netty.handler.HttpHandler - 

Request DefaultHttpRequest(decodeResult: success, version: HTTP/1.1)
POST /session/662ad015a02e5c592067f98fbb362b4a/window/maximize HTTP/1.1
User-Agent: selenium/4.11.0 (java windows)
Content-Length: 3
Content-Type: application/json; charset=utf-8
host: localhost:24527
accept: */*

Response DefaultHttpResponse(decodeResult: success, version: HTTP/1.1)
HTTP/1.1 200 OK
Content-Length: 51
Content-Type: application/json; charset=utf-8
cache-control: no-cache

22:39:49.995 [AsyncHttpClient-1-2] DEBUG org.asynchttpclient.netty.channel.ChannelManager - Adding key: http://localhost:24527 for channel [id: 0xd471aeaa, L:/127.0.0.1:59130 - R:localhost/127.0.0.1:24527]
22:39:49.998 [Forwarding get on session 662ad015a02e5c592067f98fbb362b4a to remote] DEBUG org.asynchttpclient.netty.request.NettyRequestSender - Using pooled Channel '[id: 0xd471aeaa, L:/127.0.0.1:59130 - R:localhost/127.0.0.1:24527]' for 'POST' to 'http://localhost:24527/session/662ad015a02e5c592067f98fbb362b4a/url'
22:39:49.999 [Forwarding get on session 662ad015a02e5c592067f98fbb362b4a to remote] DEBUG org.asynchttpclient.netty.request.NettyRequestSender - Using open Channel [id: 0xd471aeaa, L:/127.0.0.1:59130 - R:localhost/127.0.0.1:24527] for POST '/session/662ad015a02e5c592067f98fbb362b4a/url'
22:39:50.804 [AsyncHttpClient-1-1] DEBUG org.asynchttpclient.netty.channel.DefaultChannelPool - Entry count for : http://localhost:59131 : 1
22:39:51.692 [AsyncHttpClient-1-2] DEBUG org.asynchttpclient.netty.handler.HttpHandler - 

Request DefaultHttpRequest(decodeResult: success, version: HTTP/1.1)
POST /session/662ad015a02e5c592067f98fbb362b4a/url HTTP/1.1
User-Agent: selenium/4.11.0 (java windows)
Content-Length: 67
Content-Type: application/json; charset=utf-8
host: localhost:24527
accept: */*

Response DefaultHttpResponse(decodeResult: success, version: HTTP/1.1)
HTTP/1.1 200 OK
Content-Length: 14
Content-Type: application/json; charset=utf-8
cache-control: no-cache

22:39:51.692 [AsyncHttpClient-1-2] DEBUG org.asynchttpclient.netty.channel.ChannelManager - Adding key: http://localhost:24527 for channel [id: 0xd471aeaa, L:/127.0.0.1:59130 - R:localhost/127.0.0.1:24527]
Generated Email: XfvzPt@example.com
Generated User ID: SfTFPW7359285645
22:39:51.731 [Forwarding findElement on session 662ad015a02e5c592067f98fbb362b4a to remote] DEBUG org.asynchttpclient.netty.request.NettyRequestSender - Using pooled Channel '[id: 0xd471aeaa, L:/127.0.0.1:59130 - R:localhost/127.0.0.1:24527]' for 'POST' to 'http://localhost:24527/session/662ad015a02e5c592067f98fbb362b4a/element'
22:39:51.731 [Forwarding findElement on session 662ad015a02e5c592067f98fbb362b4a to remote] DEBUG org.asynchttpclient.netty.request.NettyRequestSender - Using open Channel [id: 0xd471aeaa, L:/127.0.0.1:59130 - R:localhost/127.0.0.1:24527] for POST '/session/662ad015a02e5c592067f98fbb362b4a/element'
22:39:51.741 [AsyncHttpClient-1-2] DEBUG org.asynchttpclient.netty.handler.HttpHandler - 

Request DefaultHttpRequest(decodeResult: success, version: HTTP/1.1)
POST /session/662ad015a02e5c592067f98fbb362b4a/element HTTP/1.1
User-Agent: selenium/4.11.0 (java windows)
Content-Length: 74
Content-Type: application/json; charset=utf-8
host: localhost:24527
accept: */*

Response DefaultHttpResponse(decodeResult: success, version: HTTP/1.1)
HTTP/1.1 200 OK
Content-Length: 127
Content-Type: application/json; charset=utf-8
cache-control: no-cache

22:39:51.743 [AsyncHttpClient-1-2] DEBUG org.asynchttpclient.netty.channel.ChannelManager - Adding key: http://localhost:24527 for channel [id: 0xd471aeaa, L:/127.0.0.1:59130 - R:localhost/127.0.0.1:24527]
22:39:51.745 [Forwarding clickElement on session 662ad015a02e5c592067f98fbb362b4a to remote] DEBUG org.asynchttpclient.netty.request.NettyRequestSender - Using pooled Channel '[id: 0xd471aeaa, L:/127.0.0.1:59130 - R:localhost/127.0.0.1:24527]' for 'POST' to 'http://localhost:24527/session/662ad015a02e5c592067f98fbb362b4a/element/f.955C5ACDC957542F3F5F6D73171F2934.d.656CCCAC28AC626C65B56893D378BCF1.e.105/click'
22:39:51.745 [Forwarding clickElement on session 662ad015a02e5c592067f98fbb362b4a to remote] DEBUG org.asynchttpclient.netty.request.NettyRequestSender - Using open Channel [id: 0xd471aeaa, L:/127.0.0.1:59130 - R:localhost/127.0.0.1:24527] for POST '/session/662ad015a02e5c592067f98fbb362b4a/element/f.955C5ACDC957542F3F5F6D73171F2934.d.656CCCAC28AC626C65B56893D378BCF1.e.105/click'
22:39:51.786 [AsyncHttpClient-1-2] DEBUG org.asynchttpclient.netty.handler.HttpHandler - 

Request DefaultHttpRequest(decodeResult: success, version: HTTP/1.1)
POST /session/662ad015a02e5c592067f98fbb362b4a/element/f.955C5ACDC957542F3F5F6D73171F2934.d.656CCCAC28AC626C65B56893D378BCF1.e.105/click HTTP/1.1
User-Agent: selenium/4.11.0 (java windows)
Content-Length: 89
Content-Type: application/json; charset=utf-8
host: localhost:24527
accept: */*

Response DefaultHttpResponse(decodeResult: success, version: HTTP/1.1)
HTTP/1.1 200 OK
Content-Length: 14
Content-Type: application/json; charset=utf-8
cache-control: no-cache

22:39:51.786 [AsyncHttpClient-1-2] DEBUG org.asynchttpclient.netty.channel.ChannelManager - Adding key: http://localhost:24527 for channel [id: 0xd471aeaa, L:/127.0.0.1:59130 - R:localhost/127.0.0.1:24527]
22:39:51.787 [Forwarding findElement on session 662ad015a02e5c592067f98fbb362b4a to remote] DEBUG org.asynchttpclient.netty.request.NettyRequestSender - Using pooled Channel '[id: 0xd471aeaa, L:/127.0.0.1:59130 - R:localhost/127.0.0.1:24527]' for 'POST' to 'http://localhost:24527/session/662ad015a02e5c592067f98fbb362b4a/element'
22:39:51.788 [Forwarding findElement on session 662ad015a02e5c592067f98fbb362b4a to remote] DEBUG org.asynchttpclient.netty.request.NettyRequestSender - Using open Channel [id: 0xd471aeaa, L:/127.0.0.1:59130 - R:localhost/127.0.0.1:24527] for POST '/session/662ad015a02e5c592067f98fbb362b4a/element'
22:39:51.800 [AsyncHttpClient-1-2] DEBUG org.asynchttpclient.netty.handler.HttpHandler - 

Request DefaultHttpRequest(decodeResult: success, version: HTTP/1.1)
POST /session/662ad015a02e5c592067f98fbb362b4a/element HTTP/1.1
User-Agent: selenium/4.11.0 (java windows)
Content-Length: 69
Content-Type: application/json; charset=utf-8
host: localhost:24527
accept: */*

Response DefaultHttpResponse(decodeResult: success, version: HTTP/1.1)
HTTP/1.1 200 OK
Content-Length: 127
Content-Type: application/json; charset=utf-8
cache-control: no-cache

22:39:51.801 [AsyncHttpClient-1-2] DEBUG org.asynchttpclient.netty.channel.ChannelManager - Adding key: http://localhost:24527 for channel [id: 0xd471aeaa, L:/127.0.0.1:59130 - R:localhost/127.0.0.1:24527]
22:39:51.802 [Forwarding clickElement on session 662ad015a02e5c592067f98fbb362b4a to remote] DEBUG org.asynchttpclient.netty.request.NettyRequestSender - Using pooled Channel '[id: 0xd471aeaa, L:/127.0.0.1:59130 - R:localhost/127.0.0.1:24527]' for 'POST' to 'http://localhost:24527/session/662ad015a02e5c592067f98fbb362b4a/element/f.955C5ACDC957542F3F5F6D73171F2934.d.656CCCAC28AC626C65B56893D378BCF1.e.110/click'
22:39:51.803 [Forwarding clickElement on session 662ad015a02e5c592067f98fbb362b4a to remote] DEBUG org.asynchttpclient.netty.request.NettyRequestSender - Using open Channel [id: 0xd471aeaa, L:/127.0.0.1:59130 - R:localhost/127.0.0.1:24527] for POST '/session/662ad015a02e5c592067f98fbb362b4a/element/f.955C5ACDC957542F3F5F6D73171F2934.d.656CCCAC28AC626C65B56893D378BCF1.e.110/click'
22:39:51.907 [AsyncHttpClient-1-1] DEBUG org.asynchttpclient.netty.channel.DefaultChannelPool - Entry count for : http://localhost:59131 : 1
22:39:52.332 [AsyncHttpClient-1-2] DEBUG org.asynchttpclient.netty.handler.HttpHandler - 

Request DefaultHttpRequest(decodeResult: success, version: HTTP/1.1)
POST /session/662ad015a02e5c592067f98fbb362b4a/element/f.955C5ACDC957542F3F5F6D73171F2934.d.656CCCAC28AC626C65B56893D378BCF1.e.110/click HTTP/1.1
User-Agent: selenium/4.11.0 (java windows)
Content-Length: 89
Content-Type: application/json; charset=utf-8
host: localhost:24527
accept: */*

Response DefaultHttpResponse(decodeResult: success, version: HTTP/1.1)
HTTP/1.1 200 OK
Content-Length: 14
Content-Type: application/json; charset=utf-8
cache-control: no-cache

22:39:52.332 [AsyncHttpClient-1-2] DEBUG org.asynchttpclient.netty.channel.ChannelManager - Adding key: http://localhost:24527 for channel [id: 0xd471aeaa, L:/127.0.0.1:59130 - R:localhost/127.0.0.1:24527]
22:39:52.337 [Forwarding findElement on session 662ad015a02e5c592067f98fbb362b4a to remote] DEBUG org.asynchttpclient.netty.request.NettyRequestSender - Using pooled Channel '[id: 0xd471aeaa, L:/127.0.0.1:59130 - R:localhost/127.0.0.1:24527]' for 'POST' to 'http://localhost:24527/session/662ad015a02e5c592067f98fbb362b4a/element'
22:39:52.337 [Forwarding findElement on session 662ad015a02e5c592067f98fbb362b4a to remote] DEBUG org.asynchttpclient.netty.request.NettyRequestSender - Using open Channel [id: 0xd471aeaa, L:/127.0.0.1:59130 - R:localhost/127.0.0.1:24527] for POST '/session/662ad015a02e5c592067f98fbb362b4a/element'
22:39:52.350 [AsyncHttpClient-1-2] DEBUG org.asynchttpclient.netty.handler.HttpHandler - 

Request DefaultHttpRequest(decodeResult: success, version: HTTP/1.1)
POST /session/662ad015a02e5c592067f98fbb362b4a/element HTTP/1.1
User-Agent: selenium/4.11.0 (java windows)
Content-Length: 73
Content-Type: application/json; charset=utf-8
host: localhost:24527
accept: */*

Response DefaultHttpResponse(decodeResult: success, version: HTTP/1.1)
HTTP/1.1 200 OK
Content-Length: 128
Content-Type: application/json; charset=utf-8
cache-control: no-cache

22:39:52.351 [AsyncHttpClient-1-2] DEBUG org.asynchttpclient.netty.channel.ChannelManager - Adding key: http://localhost:24527 for channel [id: 0xd471aeaa, L:/127.0.0.1:59130 - R:localhost/127.0.0.1:24527]
22:39:52.357 [Forwarding sendKeysToElement on session 662ad015a02e5c592067f98fbb362b4a to remote] DEBUG org.asynchttpclient.netty.request.NettyRequestSender - Using pooled Channel '[id: 0xd471aeaa, L:/127.0.0.1:59130 - R:localhost/127.0.0.1:24527]' for 'POST' to 'http://localhost:24527/session/662ad015a02e5c592067f98fbb362b4a/element/f.955C5ACDC957542F3F5F6D73171F2934.d.AD2F5CC935B020E63AF75A42987BA109.e.1009/value'
22:39:52.357 [Forwarding sendKeysToElement on session 662ad015a02e5c592067f98fbb362b4a to remote] DEBUG org.asynchttpclient.netty.request.NettyRequestSender - Using open Channel [id: 0xd471aeaa, L:/127.0.0.1:59130 - R:localhost/127.0.0.1:24527] for POST '/session/662ad015a02e5c592067f98fbb362b4a/element/f.955C5ACDC957542F3F5F6D73171F2934.d.AD2F5CC935B020E63AF75A42987BA109.e.1009/value'
22:39:52.459 [AsyncHttpClient-1-2] DEBUG org.asynchttpclient.netty.handler.HttpHandler - 

Request DefaultHttpRequest(decodeResult: success, version: HTTP/1.1)
POST /session/662ad015a02e5c592067f98fbb362b4a/element/f.955C5ACDC957542F3F5F6D73171F2934.d.AD2F5CC935B020E63AF75A42987BA109.e.1009/value HTTP/1.1
User-Agent: selenium/4.11.0 (java windows)
Content-Length: 201
Content-Type: application/json; charset=utf-8
host: localhost:24527
accept: */*

Response DefaultHttpResponse(decodeResult: success, version: HTTP/1.1)
HTTP/1.1 200 OK
Content-Length: 14
Content-Type: application/json; charset=utf-8
cache-control: no-cache

22:39:52.460 [AsyncHttpClient-1-2] DEBUG org.asynchttpclient.netty.channel.ChannelManager - Adding key: http://localhost:24527 for channel [id: 0xd471aeaa, L:/127.0.0.1:59130 - R:localhost/127.0.0.1:24527]
22:39:52.461 [Forwarding findElement on session 662ad015a02e5c592067f98fbb362b4a to remote] DEBUG org.asynchttpclient.netty.request.NettyRequestSender - Using pooled Channel '[id: 0xd471aeaa, L:/127.0.0.1:59130 - R:localhost/127.0.0.1:24527]' for 'POST' to 'http://localhost:24527/session/662ad015a02e5c592067f98fbb362b4a/element'
22:39:52.461 [Forwarding findElement on session 662ad015a02e5c592067f98fbb362b4a to remote] DEBUG org.asynchttpclient.netty.request.NettyRequestSender - Using open Channel [id: 0xd471aeaa, L:/127.0.0.1:59130 - R:localhost/127.0.0.1:24527] for POST '/session/662ad015a02e5c592067f98fbb362b4a/element'
22:39:52.472 [AsyncHttpClient-1-2] DEBUG org.asynchttpclient.netty.handler.HttpHandler - 

Request DefaultHttpRequest(decodeResult: success, version: HTTP/1.1)
POST /session/662ad015a02e5c592067f98fbb362b4a/element HTTP/1.1
User-Agent: selenium/4.11.0 (java windows)
Content-Length: 72
Content-Type: application/json; charset=utf-8
host: localhost:24527
accept: */*

Response DefaultHttpResponse(decodeResult: success, version: HTTP/1.1)
HTTP/1.1 200 OK
Content-Length: 128
Content-Type: application/json; charset=utf-8
cache-control: no-cache

22:39:52.472 [AsyncHttpClient-1-2] DEBUG org.asynchttpclient.netty.channel.ChannelManager - Adding key: http://localhost:24527 for channel [id: 0xd471aeaa, L:/127.0.0.1:59130 - R:localhost/127.0.0.1:24527]
22:39:52.475 [Forwarding sendKeysToElement on session 662ad015a02e5c592067f98fbb362b4a to remote] DEBUG org.asynchttpclient.netty.request.NettyRequestSender - Using pooled Channel '[id: 0xd471aeaa, L:/127.0.0.1:59130 - R:localhost/127.0.0.1:24527]' for 'POST' to 'http://localhost:24527/session/662ad015a02e5c592067f98fbb362b4a/element/f.955C5ACDC957542F3F5F6D73171F2934.d.AD2F5CC935B020E63AF75A42987BA109.e.1015/value'
22:39:52.475 [Forwarding sendKeysToElement on session 662ad015a02e5c592067f98fbb362b4a to remote] DEBUG org.asynchttpclient.netty.request.NettyRequestSender - Using open Channel [id: 0xd471aeaa, L:/127.0.0.1:59130 - R:localhost/127.0.0.1:24527] for POST '/session/662ad015a02e5c592067f98fbb362b4a/element/f.955C5ACDC957542F3F5F6D73171F2934.d.AD2F5CC935B020E63AF75A42987BA109.e.1015/value'
22:39:52.553 [AsyncHttpClient-1-2] DEBUG org.asynchttpclient.netty.handler.HttpHandler - 

Request DefaultHttpRequest(decodeResult: success, version: HTTP/1.1)
POST /session/662ad015a02e5c592067f98fbb362b4a/element/f.955C5ACDC957542F3F5F6D73171F2934.d.AD2F5CC935B020E63AF75A42987BA109.e.1015/value HTTP/1.1
User-Agent: selenium/4.11.0 (java windows)
Content-Length: 201
Content-Type: application/json; charset=utf-8
host: localhost:24527
accept: */*

Response DefaultHttpResponse(decodeResult: success, version: HTTP/1.1)
HTTP/1.1 200 OK
Content-Length: 14
Content-Type: application/json; charset=utf-8
cache-control: no-cache

22:39:52.554 [AsyncHttpClient-1-2] DEBUG org.asynchttpclient.netty.channel.ChannelManager - Adding key: http://localhost:24527 for channel [id: 0xd471aeaa, L:/127.0.0.1:59130 - R:localhost/127.0.0.1:24527]
22:39:52.555 [Forwarding findElement on session 662ad015a02e5c592067f98fbb362b4a to remote] DEBUG org.asynchttpclient.netty.request.NettyRequestSender - Using pooled Channel '[id: 0xd471aeaa, L:/127.0.0.1:59130 - R:localhost/127.0.0.1:24527]' for 'POST' to 'http://localhost:24527/session/662ad015a02e5c592067f98fbb362b4a/element'
22:39:52.555 [Forwarding findElement on session 662ad015a02e5c592067f98fbb362b4a to remote] DEBUG org.asynchttpclient.netty.request.NettyRequestSender - Using open Channel [id: 0xd471aeaa, L:/127.0.0.1:59130 - R:localhost/127.0.0.1:24527] for POST '/session/662ad015a02e5c592067f98fbb362b4a/element'
22:39:52.565 [AsyncHttpClient-1-2] DEBUG org.asynchttpclient.netty.handler.HttpHandler - 

Request DefaultHttpRequest(decodeResult: success, version: HTTP/1.1)
POST /session/662ad015a02e5c592067f98fbb362b4a/element HTTP/1.1
User-Agent: selenium/4.11.0 (java windows)
Content-Length: 69
Content-Type: application/json; charset=utf-8
host: localhost:24527
accept: */*

Response DefaultHttpResponse(decodeResult: success, version: HTTP/1.1)
HTTP/1.1 200 OK
Content-Length: 128
Content-Type: application/json; charset=utf-8
cache-control: no-cache

22:39:52.565 [AsyncHttpClient-1-2] DEBUG org.asynchttpclient.netty.channel.ChannelManager - Adding key: http://localhost:24527 for channel [id: 0xd471aeaa, L:/127.0.0.1:59130 - R:localhost/127.0.0.1:24527]
22:39:52.567 [Forwarding sendKeysToElement on session 662ad015a02e5c592067f98fbb362b4a to remote] DEBUG org.asynchttpclient.netty.request.NettyRequestSender - Using pooled Channel '[id: 0xd471aeaa, L:/127.0.0.1:59130 - R:localhost/127.0.0.1:24527]' for 'POST' to 'http://localhost:24527/session/662ad015a02e5c592067f98fbb362b4a/element/f.955C5ACDC957542F3F5F6D73171F2934.d.AD2F5CC935B020E63AF75A42987BA109.e.1021/value'
22:39:52.567 [Forwarding sendKeysToElement on session 662ad015a02e5c592067f98fbb362b4a to remote] DEBUG org.asynchttpclient.netty.request.NettyRequestSender - Using open Channel [id: 0xd471aeaa, L:/127.0.0.1:59130 - R:localhost/127.0.0.1:24527] for POST '/session/662ad015a02e5c592067f98fbb362b4a/element/f.955C5ACDC957542F3F5F6D73171F2934.d.AD2F5CC935B020E63AF75A42987BA109.e.1021/value'
22:39:52.669 [AsyncHttpClient-1-2] DEBUG org.asynchttpclient.netty.handler.HttpHandler - 

Request DefaultHttpRequest(decodeResult: success, version: HTTP/1.1)
POST /session/662ad015a02e5c592067f98fbb362b4a/element/f.955C5ACDC957542F3F5F6D73171F2934.d.AD2F5CC935B020E63AF75A42987BA109.e.1021/value HTTP/1.1
User-Agent: selenium/4.11.0 (java windows)
Content-Length: 301
Content-Type: application/json; charset=utf-8
host: localhost:24527
accept: */*

Response DefaultHttpResponse(decodeResult: success, version: HTTP/1.1)
HTTP/1.1 200 OK
Content-Length: 14
Content-Type: application/json; charset=utf-8
cache-control: no-cache

22:39:52.670 [AsyncHttpClient-1-2] DEBUG org.asynchttpclient.netty.channel.ChannelManager - Adding key: http://localhost:24527 for channel [id: 0xd471aeaa, L:/127.0.0.1:59130 - R:localhost/127.0.0.1:24527]
22:39:52.672 [Forwarding findElement on session 662ad015a02e5c592067f98fbb362b4a to remote] DEBUG org.asynchttpclient.netty.request.NettyRequestSender - Using pooled Channel '[id: 0xd471aeaa, L:/127.0.0.1:59130 - R:localhost/127.0.0.1:24527]' for 'POST' to 'http://localhost:24527/session/662ad015a02e5c592067f98fbb362b4a/element'
22:39:52.672 [Forwarding findElement on session 662ad015a02e5c592067f98fbb362b4a to remote] DEBUG org.asynchttpclient.netty.request.NettyRequestSender - Using open Channel [id: 0xd471aeaa, L:/127.0.0.1:59130 - R:localhost/127.0.0.1:24527] for POST '/session/662ad015a02e5c592067f98fbb362b4a/element'
22:39:52.682 [AsyncHttpClient-1-2] DEBUG org.asynchttpclient.netty.handler.HttpHandler - 

Request DefaultHttpRequest(decodeResult: success, version: HTTP/1.1)
POST /session/662ad015a02e5c592067f98fbb362b4a/element HTTP/1.1
User-Agent: selenium/4.11.0 (java windows)
Content-Length: 73
Content-Type: application/json; charset=utf-8
host: localhost:24527
accept: */*

Response DefaultHttpResponse(decodeResult: success, version: HTTP/1.1)
HTTP/1.1 200 OK
Content-Length: 128
Content-Type: application/json; charset=utf-8
cache-control: no-cache

22:39:52.682 [AsyncHttpClient-1-2] DEBUG org.asynchttpclient.netty.channel.ChannelManager - Adding key: http://localhost:24527 for channel [id: 0xd471aeaa, L:/127.0.0.1:59130 - R:localhost/127.0.0.1:24527]
22:39:52.687 [Forwarding sendKeysToElement on session 662ad015a02e5c592067f98fbb362b4a to remote] DEBUG org.asynchttpclient.netty.request.NettyRequestSender - Using pooled Channel '[id: 0xd471aeaa, L:/127.0.0.1:59130 - R:localhost/127.0.0.1:24527]' for 'POST' to 'http://localhost:24527/session/662ad015a02e5c592067f98fbb362b4a/element/f.955C5ACDC957542F3F5F6D73171F2934.d.AD2F5CC935B020E63AF75A42987BA109.e.1027/value'
22:39:52.687 [Forwarding sendKeysToElement on session 662ad015a02e5c592067f98fbb362b4a to remote] DEBUG org.asynchttpclient.netty.request.NettyRequestSender - Using open Channel [id: 0xd471aeaa, L:/127.0.0.1:59130 - R:localhost/127.0.0.1:24527] for POST '/session/662ad015a02e5c592067f98fbb362b4a/element/f.955C5ACDC957542F3F5F6D73171F2934.d.AD2F5CC935B020E63AF75A42987BA109.e.1027/value'
22:39:52.757 [AsyncHttpClient-1-2] DEBUG org.asynchttpclient.netty.handler.HttpHandler - 

Request DefaultHttpRequest(decodeResult: success, version: HTTP/1.1)
POST /session/662ad015a02e5c592067f98fbb362b4a/element/f.955C5ACDC957542F3F5F6D73171F2934.d.AD2F5CC935B020E63AF75A42987BA109.e.1027/value HTTP/1.1
User-Agent: selenium/4.11.0 (java windows)
Content-Length: 221
Content-Type: application/json; charset=utf-8
host: localhost:24527
accept: */*

Response DefaultHttpResponse(decodeResult: success, version: HTTP/1.1)
HTTP/1.1 200 OK
Content-Length: 14
Content-Type: application/json; charset=utf-8
cache-control: no-cache

22:39:52.757 [AsyncHttpClient-1-2] DEBUG org.asynchttpclient.netty.channel.ChannelManager - Adding key: http://localhost:24527 for channel [id: 0xd471aeaa, L:/127.0.0.1:59130 - R:localhost/127.0.0.1:24527]
22:39:52.760 [Forwarding findElement on session 662ad015a02e5c592067f98fbb362b4a to remote] DEBUG org.asynchttpclient.netty.request.NettyRequestSender - Using pooled Channel '[id: 0xd471aeaa, L:/127.0.0.1:59130 - R:localhost/127.0.0.1:24527]' for 'POST' to 'http://localhost:24527/session/662ad015a02e5c592067f98fbb362b4a/element'
22:39:52.761 [Forwarding findElement on session 662ad015a02e5c592067f98fbb362b4a to remote] DEBUG org.asynchttpclient.netty.request.NettyRequestSender - Using open Channel [id: 0xd471aeaa, L:/127.0.0.1:59130 - R:localhost/127.0.0.1:24527] for POST '/session/662ad015a02e5c592067f98fbb362b4a/element'
22:39:52.780 [AsyncHttpClient-1-2] DEBUG org.asynchttpclient.netty.handler.HttpHandler - 

Request DefaultHttpRequest(decodeResult: success, version: HTTP/1.1)
POST /session/662ad015a02e5c592067f98fbb362b4a/element HTTP/1.1
User-Agent: selenium/4.11.0 (java windows)
Content-Length: 72
Content-Type: application/json; charset=utf-8
host: localhost:24527
accept: */*

Response DefaultHttpResponse(decodeResult: success, version: HTTP/1.1)
HTTP/1.1 200 OK
Content-Length: 128
Content-Type: application/json; charset=utf-8
cache-control: no-cache

22:39:52.780 [AsyncHttpClient-1-2] DEBUG org.asynchttpclient.netty.channel.ChannelManager - Adding key: http://localhost:24527 for channel [id: 0xd471aeaa, L:/127.0.0.1:59130 - R:localhost/127.0.0.1:24527]
22:39:52.782 [Forwarding sendKeysToElement on session 662ad015a02e5c592067f98fbb362b4a to remote] DEBUG org.asynchttpclient.netty.request.NettyRequestSender - Using pooled Channel '[id: 0xd471aeaa, L:/127.0.0.1:59130 - R:localhost/127.0.0.1:24527]' for 'POST' to 'http://localhost:24527/session/662ad015a02e5c592067f98fbb362b4a/element/f.955C5ACDC957542F3F5F6D73171F2934.d.AD2F5CC935B020E63AF75A42987BA109.e.1035/value'
22:39:52.782 [Forwarding sendKeysToElement on session 662ad015a02e5c592067f98fbb362b4a to remote] DEBUG org.asynchttpclient.netty.request.NettyRequestSender - Using open Channel [id: 0xd471aeaa, L:/127.0.0.1:59130 - R:localhost/127.0.0.1:24527] for POST '/session/662ad015a02e5c592067f98fbb362b4a/element/f.955C5ACDC957542F3F5F6D73171F2934.d.AD2F5CC935B020E63AF75A42987BA109.e.1035/value'
22:39:52.862 [AsyncHttpClient-1-2] DEBUG org.asynchttpclient.netty.handler.HttpHandler - 

Request DefaultHttpRequest(decodeResult: success, version: HTTP/1.1)
POST /session/662ad015a02e5c592067f98fbb362b4a/element/f.955C5ACDC957542F3F5F6D73171F2934.d.AD2F5CC935B020E63AF75A42987BA109.e.1035/value HTTP/1.1
User-Agent: selenium/4.11.0 (java windows)
Content-Length: 281
Content-Type: application/json; charset=utf-8
host: localhost:24527
accept: */*

Response DefaultHttpResponse(decodeResult: success, version: HTTP/1.1)
HTTP/1.1 200 OK
Content-Length: 14
Content-Type: application/json; charset=utf-8
cache-control: no-cache

22:39:52.863 [AsyncHttpClient-1-2] DEBUG org.asynchttpclient.netty.channel.ChannelManager - Adding key: http://localhost:24527 for channel [id: 0xd471aeaa, L:/127.0.0.1:59130 - R:localhost/127.0.0.1:24527]
22:39:52.864 [Forwarding findElement on session 662ad015a02e5c592067f98fbb362b4a to remote] DEBUG org.asynchttpclient.netty.request.NettyRequestSender - Using pooled Channel '[id: 0xd471aeaa, L:/127.0.0.1:59130 - R:localhost/127.0.0.1:24527]' for 'POST' to 'http://localhost:24527/session/662ad015a02e5c592067f98fbb362b4a/element'
22:39:52.864 [Forwarding findElement on session 662ad015a02e5c592067f98fbb362b4a to remote] DEBUG org.asynchttpclient.netty.request.NettyRequestSender - Using open Channel [id: 0xd471aeaa, L:/127.0.0.1:59130 - R:localhost/127.0.0.1:24527] for POST '/session/662ad015a02e5c592067f98fbb362b4a/element'
22:39:52.874 [AsyncHttpClient-1-2] DEBUG org.asynchttpclient.netty.handler.HttpHandler - 

Request DefaultHttpRequest(decodeResult: success, version: HTTP/1.1)
POST /session/662ad015a02e5c592067f98fbb362b4a/element HTTP/1.1
User-Agent: selenium/4.11.0 (java windows)
Content-Length: 71
Content-Type: application/json; charset=utf-8
host: localhost:24527
accept: */*

Response DefaultHttpResponse(decodeResult: success, version: HTTP/1.1)
HTTP/1.1 200 OK
Content-Length: 128
Content-Type: application/json; charset=utf-8
cache-control: no-cache

22:39:52.874 [AsyncHttpClient-1-2] DEBUG org.asynchttpclient.netty.channel.ChannelManager - Adding key: http://localhost:24527 for channel [id: 0xd471aeaa, L:/127.0.0.1:59130 - R:localhost/127.0.0.1:24527]
22:39:52.878 [Forwarding sendKeysToElement on session 662ad015a02e5c592067f98fbb362b4a to remote] DEBUG org.asynchttpclient.netty.request.NettyRequestSender - Using pooled Channel '[id: 0xd471aeaa, L:/127.0.0.1:59130 - R:localhost/127.0.0.1:24527]' for 'POST' to 'http://localhost:24527/session/662ad015a02e5c592067f98fbb362b4a/element/f.955C5ACDC957542F3F5F6D73171F2934.d.AD2F5CC935B020E63AF75A42987BA109.e.1041/value'
22:39:52.878 [Forwarding sendKeysToElement on session 662ad015a02e5c592067f98fbb362b4a to remote] DEBUG org.asynchttpclient.netty.request.NettyRequestSender - Using open Channel [id: 0xd471aeaa, L:/127.0.0.1:59130 - R:localhost/127.0.0.1:24527] for POST '/session/662ad015a02e5c592067f98fbb362b4a/element/f.955C5ACDC957542F3F5F6D73171F2934.d.AD2F5CC935B020E63AF75A42987BA109.e.1041/value'
22:39:52.952 [AsyncHttpClient-1-2] DEBUG org.asynchttpclient.netty.handler.HttpHandler - 

Request DefaultHttpRequest(decodeResult: success, version: HTTP/1.1)
POST /session/662ad015a02e5c592067f98fbb362b4a/element/f.955C5ACDC957542F3F5F6D73171F2934.d.AD2F5CC935B020E63AF75A42987BA109.e.1041/value HTTP/1.1
User-Agent: selenium/4.11.0 (java windows)
Content-Length: 281
Content-Type: application/json; charset=utf-8
host: localhost:24527
accept: */*

Response DefaultHttpResponse(decodeResult: success, version: HTTP/1.1)
HTTP/1.1 200 OK
Content-Length: 14
Content-Type: application/json; charset=utf-8
cache-control: no-cache

22:39:52.952 [AsyncHttpClient-1-2] DEBUG org.asynchttpclient.netty.channel.ChannelManager - Adding key: http://localhost:24527 for channel [id: 0xd471aeaa, L:/127.0.0.1:59130 - R:localhost/127.0.0.1:24527]
22:39:52.963 [Forwarding findElement on session 662ad015a02e5c592067f98fbb362b4a to remote] DEBUG org.asynchttpclient.netty.request.NettyRequestSender - Using pooled Channel '[id: 0xd471aeaa, L:/127.0.0.1:59130 - R:localhost/127.0.0.1:24527]' for 'POST' to 'http://localhost:24527/session/662ad015a02e5c592067f98fbb362b4a/element'
22:39:52.963 [Forwarding findElement on session 662ad015a02e5c592067f98fbb362b4a to remote] DEBUG org.asynchttpclient.netty.request.NettyRequestSender - Using open Channel [id: 0xd471aeaa, L:/127.0.0.1:59130 - R:localhost/127.0.0.1:24527] for POST '/session/662ad015a02e5c592067f98fbb362b4a/element'
22:39:52.974 [AsyncHttpClient-1-2] DEBUG org.asynchttpclient.netty.handler.HttpHandler - 

Request DefaultHttpRequest(decodeResult: success, version: HTTP/1.1)
POST /session/662ad015a02e5c592067f98fbb362b4a/element HTTP/1.1
User-Agent: selenium/4.11.0 (java windows)
Content-Length: 69
Content-Type: application/json; charset=utf-8
host: localhost:24527
accept: */*

Response DefaultHttpResponse(decodeResult: success, version: HTTP/1.1)
HTTP/1.1 200 OK
Content-Length: 128
Content-Type: application/json; charset=utf-8
cache-control: no-cache

22:39:52.975 [AsyncHttpClient-1-2] DEBUG org.asynchttpclient.netty.channel.ChannelManager - Adding key: http://localhost:24527 for channel [id: 0xd471aeaa, L:/127.0.0.1:59130 - R:localhost/127.0.0.1:24527]
22:39:52.978 [Forwarding clickElement on session 662ad015a02e5c592067f98fbb362b4a to remote] DEBUG org.asynchttpclient.netty.request.NettyRequestSender - Using pooled Channel '[id: 0xd471aeaa, L:/127.0.0.1:59130 - R:localhost/127.0.0.1:24527]' for 'POST' to 'http://localhost:24527/session/662ad015a02e5c592067f98fbb362b4a/element/f.955C5ACDC957542F3F5F6D73171F2934.d.AD2F5CC935B020E63AF75A42987BA109.e.1058/click'
22:39:52.978 [Forwarding clickElement on session 662ad015a02e5c592067f98fbb362b4a to remote] DEBUG org.asynchttpclient.netty.request.NettyRequestSender - Using open Channel [id: 0xd471aeaa, L:/127.0.0.1:59130 - R:localhost/127.0.0.1:24527] for POST '/session/662ad015a02e5c592067f98fbb362b4a/element/f.955C5ACDC957542F3F5F6D73171F2934.d.AD2F5CC935B020E63AF75A42987BA109.e.1058/click'
22:39:53.011 [AsyncHttpClient-1-1] DEBUG org.asynchttpclient.netty.channel.DefaultChannelPool - Entry count for : http://localhost:59131 : 1
22:39:53.030 [AsyncHttpClient-1-2] DEBUG org.asynchttpclient.netty.handler.HttpHandler - 

Request DefaultHttpRequest(decodeResult: success, version: HTTP/1.1)
POST /session/662ad015a02e5c592067f98fbb362b4a/element/f.955C5ACDC957542F3F5F6D73171F2934.d.AD2F5CC935B020E63AF75A42987BA109.e.1058/click HTTP/1.1
User-Agent: selenium/4.11.0 (java windows)
Content-Length: 90
Content-Type: application/json; charset=utf-8
host: localhost:24527
accept: */*

Response DefaultHttpResponse(decodeResult: success, version: HTTP/1.1)
HTTP/1.1 200 OK
Content-Length: 14
Content-Type: application/json; charset=utf-8
cache-control: no-cache

22:39:53.031 [AsyncHttpClient-1-2] DEBUG org.asynchttpclient.netty.channel.ChannelManager - Adding key: http://localhost:24527 for channel [id: 0xd471aeaa, L:/127.0.0.1:59130 - R:localhost/127.0.0.1:24527]
22:39:53.033 [Forwarding findElement on session 662ad015a02e5c592067f98fbb362b4a to remote] DEBUG org.asynchttpclient.netty.request.NettyRequestSender - Using pooled Channel '[id: 0xd471aeaa, L:/127.0.0.1:59130 - R:localhost/127.0.0.1:24527]' for 'POST' to 'http://localhost:24527/session/662ad015a02e5c592067f98fbb362b4a/element'
22:39:53.033 [Forwarding findElement on session 662ad015a02e5c592067f98fbb362b4a to remote] DEBUG org.asynchttpclient.netty.request.NettyRequestSender - Using open Channel [id: 0xd471aeaa, L:/127.0.0.1:59130 - R:localhost/127.0.0.1:24527] for POST '/session/662ad015a02e5c592067f98fbb362b4a/element'
22:39:53.047 [AsyncHttpClient-1-2] DEBUG org.asynchttpclient.netty.handler.HttpHandler - 

Request DefaultHttpRequest(decodeResult: success, version: HTTP/1.1)
POST /session/662ad015a02e5c592067f98fbb362b4a/element HTTP/1.1
User-Agent: selenium/4.11.0 (java windows)
Content-Length: 70
Content-Type: application/json; charset=utf-8
host: localhost:24527
accept: */*

Response DefaultHttpResponse(decodeResult: success, version: HTTP/1.1)
HTTP/1.1 200 OK
Content-Length: 128
Content-Type: application/json; charset=utf-8
cache-control: no-cache

22:39:53.047 [AsyncHttpClient-1-2] DEBUG org.asynchttpclient.netty.channel.ChannelManager - Adding key: http://localhost:24527 for channel [id: 0xd471aeaa, L:/127.0.0.1:59130 - R:localhost/127.0.0.1:24527]
22:39:53.049 [Forwarding clickElement on session 662ad015a02e5c592067f98fbb362b4a to remote] DEBUG org.asynchttpclient.netty.request.NettyRequestSender - Using pooled Channel '[id: 0xd471aeaa, L:/127.0.0.1:59130 - R:localhost/127.0.0.1:24527]' for 'POST' to 'http://localhost:24527/session/662ad015a02e5c592067f98fbb362b4a/element/f.955C5ACDC957542F3F5F6D73171F2934.d.AD2F5CC935B020E63AF75A42987BA109.e.1059/click'
22:39:53.049 [Forwarding clickElement on session 662ad015a02e5c592067f98fbb362b4a to remote] DEBUG org.asynchttpclient.netty.request.NettyRequestSender - Using open Channel [id: 0xd471aeaa, L:/127.0.0.1:59130 - R:localhost/127.0.0.1:24527] for POST '/session/662ad015a02e5c592067f98fbb362b4a/element/f.955C5ACDC957542F3F5F6D73171F2934.d.AD2F5CC935B020E63AF75A42987BA109.e.1059/click'
22:39:53.855 [AsyncHttpClient-1-2] DEBUG org.asynchttpclient.netty.handler.HttpHandler - 

Request DefaultHttpRequest(decodeResult: success, version: HTTP/1.1)
POST /session/662ad015a02e5c592067f98fbb362b4a/element/f.955C5ACDC957542F3F5F6D73171F2934.d.AD2F5CC935B020E63AF75A42987BA109.e.1059/click HTTP/1.1
User-Agent: selenium/4.11.0 (java windows)
Content-Length: 90
Content-Type: application/json; charset=utf-8
host: localhost:24527
accept: */*

Response DefaultHttpResponse(decodeResult: success, version: HTTP/1.1)
HTTP/1.1 200 OK
Content-Length: 14
Content-Type: application/json; charset=utf-8
cache-control: no-cache

22:39:53.855 [AsyncHttpClient-1-2] DEBUG org.asynchttpclient.netty.channel.ChannelManager - Adding key: http://localhost:24527 for channel [id: 0xd471aeaa, L:/127.0.0.1:59130 - R:localhost/127.0.0.1:24527]
22:39:53.857 [Forwarding findElement on session 662ad015a02e5c592067f98fbb362b4a to remote] DEBUG org.asynchttpclient.netty.request.NettyRequestSender - Using pooled Channel '[id: 0xd471aeaa, L:/127.0.0.1:59130 - R:localhost/127.0.0.1:24527]' for 'POST' to 'http://localhost:24527/session/662ad015a02e5c592067f98fbb362b4a/element'
22:39:53.857 [Forwarding findElement on session 662ad015a02e5c592067f98fbb362b4a to remote] DEBUG org.asynchttpclient.netty.request.NettyRequestSender - Using open Channel [id: 0xd471aeaa, L:/127.0.0.1:59130 - R:localhost/127.0.0.1:24527] for POST '/session/662ad015a02e5c592067f98fbb362b4a/element'
22:39:53.877 [AsyncHttpClient-1-2] DEBUG org.asynchttpclient.netty.handler.HttpHandler - 

Request DefaultHttpRequest(decodeResult: success, version: HTTP/1.1)
POST /session/662ad015a02e5c592067f98fbb362b4a/element HTTP/1.1
User-Agent: selenium/4.11.0 (java windows)
Content-Length: 92
Content-Type: application/json; charset=utf-8
host: localhost:24527
accept: */*

Response DefaultHttpResponse(decodeResult: success, version: HTTP/1.1)
HTTP/1.1 200 OK
Content-Length: 128
Content-Type: application/json; charset=utf-8
cache-control: no-cache

22:39:53.878 [AsyncHttpClient-1-2] DEBUG org.asynchttpclient.netty.channel.ChannelManager - Adding key: http://localhost:24527 for channel [id: 0xd471aeaa, L:/127.0.0.1:59130 - R:localhost/127.0.0.1:24527]
22:39:53.879 [Forwarding getElementText on session 662ad015a02e5c592067f98fbb362b4a to remote] DEBUG org.asynchttpclient.netty.request.NettyRequestSender - Using pooled Channel '[id: 0xd471aeaa, L:/127.0.0.1:59130 - R:localhost/127.0.0.1:24527]' for 'GET' to 'http://localhost:24527/session/662ad015a02e5c592067f98fbb362b4a/element/f.955C5ACDC957542F3F5F6D73171F2934.d.712533DBDF699D8801A8E0F734F5332F.e.1552/text'
22:39:53.879 [Forwarding getElementText on session 662ad015a02e5c592067f98fbb362b4a to remote] DEBUG org.asynchttpclient.netty.request.NettyRequestSender - Using open Channel [id: 0xd471aeaa, L:/127.0.0.1:59130 - R:localhost/127.0.0.1:24527] for GET '/session/662ad015a02e5c592067f98fbb362b4a/element/f.955C5ACDC957542F3F5F6D73171F2934.d.712533DBDF699D8801A8E0F734F5332F.e.1552/text'
22:39:53.894 [AsyncHttpClient-1-2] DEBUG org.asynchttpclient.netty.handler.HttpHandler - 

Request DefaultFullHttpRequest(decodeResult: success, version: HTTP/1.1, content: EmptyByteBufBE)
GET /session/662ad015a02e5c592067f98fbb362b4a/element/f.955C5ACDC957542F3F5F6D73171F2934.d.712533DBDF699D8801A8E0F734F5332F.e.1552/text HTTP/1.1
User-Agent: selenium/4.11.0 (java windows)
Cache-Control: no-cache
Content-Type: application/json; charset=utf-8
host: localhost:24527
accept: */*

Response DefaultHttpResponse(decodeResult: success, version: HTTP/1.1)
HTTP/1.1 200 OK
Content-Length: 42
Content-Type: application/json; charset=utf-8
cache-control: no-cache

22:39:53.894 [AsyncHttpClient-1-2] DEBUG org.asynchttpclient.netty.channel.ChannelManager - Adding key: http://localhost:24527 for channel [id: 0xd471aeaa, L:/127.0.0.1:59130 - R:localhost/127.0.0.1:24527]
]]></system-out>
    <system-err><![CDATA[SLF4J: Class path contains multiple SLF4J bindings.
SLF4J: Found binding in [jar:file:/C:/Users/Nithya/.m2/repository/ch/qos/logback/logback-classic/1.2.11/logback-classic-1.2.11.jar!/org/slf4j/impl/StaticLoggerBinder.class]
SLF4J: Found binding in [jar:file:/C:/Users/Nithya/.m2/repository/org/apache/logging/log4j/log4j-slf4j-impl/2.17.2/log4j-slf4j-impl-2.17.2.jar!/org/slf4j/impl/StaticLoggerBinder.class]
SLF4J: See http://www.slf4j.org/codes.html#multiple_bindings for an explanation.
SLF4J: Actual binding is of type [ch.qos.logback.classic.util.ContextSelectorStaticBinder]
Nov 07, 2024 10:39:49 PM org.openqa.selenium.devtools.CdpVersionFinder findNearestMatch
WARNING: Unable to find CDP implementation matching 130
Nov 07, 2024 10:39:49 PM org.openqa.selenium.chromium.ChromiumDriver lambda$new$5
WARNING: Unable to find version of CDP to use for 130.0.6723.92. You may need to include a dependency on a specific version of the CDP using something similar to `org.seleniumhq.selenium:selenium-devtools-v86:4.11.0` where the version ("v86") matches the version of the chromium-based browser you're using and the version number of the artifact is the same as Selenium's.
]]></system-err>
  </testcase>
  <testcase name="validate_login" classname="testCases.LoginTC" time="0.013">
    <failure message="validate_login test failed due to an exception." type="java.lang.AssertionError"><![CDATA[java.lang.AssertionError: validate_login test failed due to an exception.
	at org.testng.Assert.fail(Assert.java:111)
	at testCases.LoginTC.validate_login(LoginTC.java:69)
	at java.base/jdk.internal.reflect.NativeMethodAccessorImpl.invoke0(Native Method)
	at java.base/jdk.internal.reflect.NativeMethodAccessorImpl.invoke(NativeMethodAccessorImpl.java:78)
	at java.base/jdk.internal.reflect.DelegatingMethodAccessorImpl.invoke(DelegatingMethodAccessorImpl.java:43)
	at java.base/java.lang.reflect.Method.invoke(Method.java:567)
	at org.testng.internal.invokers.MethodInvocationHelper.invokeMethod(MethodInvocationHelper.java:139)
	at org.testng.internal.invokers.TestInvoker.invokeMethod(TestInvoker.java:664)
	at org.testng.internal.invokers.TestInvoker.invokeTestMethod(TestInvoker.java:228)
	at org.testng.internal.invokers.MethodRunner.runInSequence(MethodRunner.java:63)
	at org.testng.internal.invokers.TestInvoker$MethodInvocationAgent.invoke(TestInvoker.java:961)
	at org.testng.internal.invokers.TestInvoker.invokeTestMethods(TestInvoker.java:201)
	at org.testng.internal.invokers.TestMethodWorker.invokeTestMethods(TestMethodWorker.java:148)
	at org.testng.internal.invokers.TestMethodWorker.run(TestMethodWorker.java:128)
	at java.base/java.util.ArrayList.forEach(ArrayList.java:1511)
	at org.testng.TestRunner.privateRun(TestRunner.java:819)
	at org.testng.TestRunner.run(TestRunner.java:619)
	at org.testng.SuiteRunner.runTest(SuiteRunner.java:443)
	at org.testng.SuiteRunner.runSequentially(SuiteRunner.java:437)
	at org.testng.SuiteRunner.privateRun(SuiteRunner.java:397)
	at org.testng.SuiteRunner.run(SuiteRunner.java:336)
	at org.testng.SuiteRunnerWorker.runSuite(SuiteRunnerWorker.java:52)
	at org.testng.SuiteRunnerWorker.run(SuiteRunnerWorker.java:95)
	at org.testng.TestNG.runSuitesSequentially(TestNG.java:1301)
	at org.testng.TestNG.runSuitesLocally(TestNG.java:1228)
	at org.testng.TestNG.runSuites(TestNG.java:1134)
	at org.testng.TestNG.run(TestNG.java:1101)
	at org.apache.maven.surefire.testng.TestNGExecutor.run(TestNGExecutor.java:308)
	at org.apache.maven.surefire.testng.TestNGXmlTestSuite.execute(TestNGXmlTestSuite.java:71)
	at org.apache.maven.surefire.testng.TestNGProvider.invoke(TestNGProvider.java:113)
	at org.apache.maven.surefire.booter.ForkedBooter.runSuitesInProcess(ForkedBooter.java:385)
	at org.apache.maven.surefire.booter.ForkedBooter.execute(ForkedBooter.java:162)
	at org.apache.maven.surefire.booter.ForkedBooter.run(ForkedBooter.java:507)
	at org.apache.maven.surefire.booter.ForkedBooter.main(ForkedBooter.java:495)
]]></failure>
    <system-out><![CDATA[22:39:53.907 [Driver Command Executor] DEBUG org.asynchttpclient.netty.request.NettyRequestSender - Using pooled Channel '[id: 0xd471aeaa, L:/127.0.0.1:59130 - R:localhost/127.0.0.1:24527]' for 'DELETE' to 'http://localhost:24527/session/662ad015a02e5c592067f98fbb362b4a'
22:39:53.907 [Driver Command Executor] DEBUG org.asynchttpclient.netty.request.NettyRequestSender - Using open Channel [id: 0xd471aeaa, L:/127.0.0.1:59130 - R:localhost/127.0.0.1:24527] for DELETE '/session/662ad015a02e5c592067f98fbb362b4a'
22:39:53.911 [AsyncHttpClient-1-4] DEBUG org.asynchttpclient.netty.handler.WebSocketHandler - Channel Closed: [id: 0x2e193b1f, L:/127.0.0.1:59139 ! R:localhost/127.0.0.1:59131] with attribute DISCARD
22:39:54.009 [AsyncHttpClient-1-3] DEBUG org.asynchttpclient.netty.handler.HttpHandler - Unexpected I/O exception on channel [id: 0x78861dbc, L:/127.0.0.1:59138 - R:localhost/127.0.0.1:59131]
java.net.SocketException: Connection reset
	at java.base/sun.nio.ch.SocketChannelImpl.throwConnectionReset(SocketChannelImpl.java:394)
	at java.base/sun.nio.ch.SocketChannelImpl.read(SocketChannelImpl.java:426)
	at io.netty.buffer.PooledByteBuf.setBytes(PooledByteBuf.java:256)
	at io.netty.buffer.AbstractByteBuf.writeBytes(AbstractByteBuf.java:1132)
	at io.netty.channel.socket.nio.NioSocketChannel.doReadBytes(NioSocketChannel.java:357)
	at io.netty.channel.nio.AbstractNioByteChannel$NioByteUnsafe.read(AbstractNioByteChannel.java:151)
	at io.netty.channel.nio.NioEventLoop.processSelectedKey(NioEventLoop.java:788)
	at io.netty.channel.nio.NioEventLoop.processSelectedKeysOptimized(NioEventLoop.java:724)
	at io.netty.channel.nio.NioEventLoop.processSelectedKeys(NioEventLoop.java:650)
	at io.netty.channel.nio.NioEventLoop.run(NioEventLoop.java:562)
	at io.netty.util.concurrent.SingleThreadEventExecutor$4.run(SingleThreadEventExecutor.java:997)
	at io.netty.util.internal.ThreadExecutorMap$2.run(ThreadExecutorMap.java:74)
	at io.netty.util.concurrent.FastThreadLocalRunnable.run(FastThreadLocalRunnable.java:30)
	at java.base/java.lang.Thread.run(Thread.java:831)
22:39:54.009 [AsyncHttpClient-1-3] DEBUG org.asynchttpclient.netty.channel.ChannelManager - Closing Channel [id: 0x78861dbc, L:/127.0.0.1:59138 - R:localhost/127.0.0.1:59131] 
22:39:54.010 [AsyncHttpClient-1-3] DEBUG org.asynchttpclient.netty.handler.HttpHandler - Channel Closed: [id: 0x78861dbc, L:/127.0.0.1:59138 ! R:localhost/127.0.0.1:59131] with attribute DISCARD
22:39:54.048 [AsyncHttpClient-1-2] DEBUG org.asynchttpclient.netty.handler.HttpHandler - 

Request DefaultFullHttpRequest(decodeResult: success, version: HTTP/1.1, content: EmptyByteBufBE)
DELETE /session/662ad015a02e5c592067f98fbb362b4a HTTP/1.1
User-Agent: selenium/4.11.0 (java windows)
Content-Type: application/json; charset=utf-8
host: localhost:24527
accept: */*

Response DefaultHttpResponse(decodeResult: success, version: HTTP/1.1)
HTTP/1.1 200 OK
Content-Length: 14
Content-Type: application/json; charset=utf-8
cache-control: no-cache

22:39:54.048 [AsyncHttpClient-1-2] DEBUG org.asynchttpclient.netty.channel.ChannelManager - Adding key: http://localhost:24527 for channel [id: 0xd471aeaa, L:/127.0.0.1:59130 - R:localhost/127.0.0.1:24527]
22:39:54.101 [AsyncHttpClient-1-2] DEBUG org.asynchttpclient.netty.handler.HttpHandler - Channel Closed: [id: 0xd471aeaa, L:/127.0.0.1:59130 ! R:localhost/127.0.0.1:24527] with attribute DISCARD
22:39:54.105 [AsyncHttpClient-1-1] DEBUG org.asynchttpclient.netty.channel.DefaultChannelPool - Entry count for : http://localhost:59131 : 1
22:39:54.105 [AsyncHttpClient-1-1] DEBUG org.asynchttpclient.netty.channel.DefaultChannelPool - Entry count for : http://localhost:24527 : 1
22:39:54.105 [AsyncHttpClient-1-1] DEBUG org.asynchttpclient.netty.channel.DefaultChannelPool - Adding Candidate expired Channel [id: 0x78861dbc, L:/127.0.0.1:59138 ! R:localhost/127.0.0.1:59131] isIdleTimeoutExpired=false isRemotelyClosed=true isTtlExpired=false
22:39:54.105 [AsyncHttpClient-1-1] DEBUG org.asynchttpclient.netty.channel.DefaultChannelPool - Closing Idle Channel [id: 0x78861dbc, L:/127.0.0.1:59138 ! R:localhost/127.0.0.1:59131]
22:39:54.106 [AsyncHttpClient-1-1] DEBUG org.asynchttpclient.netty.channel.DefaultChannelPool - Adding Candidate expired Channel [id: 0xd471aeaa, L:/127.0.0.1:59130 ! R:localhost/127.0.0.1:24527] isIdleTimeoutExpired=false isRemotelyClosed=true isTtlExpired=false
22:39:54.106 [AsyncHttpClient-1-1] DEBUG org.asynchttpclient.netty.channel.DefaultChannelPool - Closing Idle Channel [id: 0xd471aeaa, L:/127.0.0.1:59130 ! R:localhost/127.0.0.1:24527]
22:39:54.106 [AsyncHttpClient-1-1] DEBUG org.asynchttpclient.netty.channel.DefaultChannelPool - Closed 2 connections out of 2 in 1 ms
22:39:54.514 [AsyncHttpClient-1-5] DEBUG org.asynchttpclient.netty.channel.NettyConnectListener - Using new Channel '[id: 0x00713aa9, L:/127.0.0.1:59150 - R:localhost/127.0.0.1:12893]' for 'POST' to '/session'
22:39:55.254 [AsyncHttpClient-1-5] DEBUG org.asynchttpclient.netty.handler.HttpHandler - 

Request DefaultHttpRequest(decodeResult: success, version: HTTP/1.1)
POST /session HTTP/1.1
User-Agent: selenium/4.11.0 (java windows)
Content-Length: 640
Content-Type: application/json; charset=utf-8
host: localhost:12893
accept: */*

Response DefaultHttpResponse(decodeResult: success, version: HTTP/1.1)
HTTP/1.1 200 OK
Content-Length: 884
Content-Type: application/json; charset=utf-8
cache-control: no-cache

22:39:55.255 [AsyncHttpClient-1-5] DEBUG org.asynchttpclient.netty.channel.ChannelManager - Adding key: http://localhost:12893 for channel [id: 0x00713aa9, L:/127.0.0.1:59150 - R:localhost/127.0.0.1:12893]
22:39:55.265 [AsyncHttpClient-1-6] DEBUG org.asynchttpclient.netty.channel.NettyConnectListener - Using new Channel '[id: 0x50642228, L:/127.0.0.1:59158 - R:localhost/127.0.0.1:59151]' for 'GET' to '/json/version'
22:39:55.268 [AsyncHttpClient-1-6] DEBUG org.asynchttpclient.netty.handler.HttpHandler - 

Request DefaultFullHttpRequest(decodeResult: success, version: HTTP/1.1, content: EmptyByteBufBE)
GET /json/version HTTP/1.1
User-Agent: selenium/4.11.0 (java windows)
host: localhost:59151
accept: */*

Response DefaultHttpResponse(decodeResult: success, version: HTTP/1.1)
HTTP/1.1 200 OK
Content-Security-Policy: frame-ancestors 'none'
Content-Length: 423
Content-Type: application/json; charset=UTF-8

22:39:55.268 [AsyncHttpClient-1-6] DEBUG org.asynchttpclient.netty.channel.ChannelManager - Adding key: http://localhost:59151 for channel [id: 0x50642228, L:/127.0.0.1:59158 - R:localhost/127.0.0.1:59151]
22:39:55.271 [AsyncHttpClient-1-7] DEBUG org.asynchttpclient.netty.channel.NettyConnectListener - Using new Channel '[id: 0xea116d14, L:/127.0.0.1:59159 - R:localhost/127.0.0.1:59151]' for 'GET' to '/devtools/browser/094055f7-3a7f-49ac-95d9-4b5482f05753'
22:39:55.275 [AsyncHttpClient-1-7] DEBUG org.asynchttpclient.netty.handler.WebSocketHandler - 

Request DefaultFullHttpRequest(decodeResult: success, version: HTTP/1.1, content: EmptyByteBufBE)
GET /devtools/browser/094055f7-3a7f-49ac-95d9-4b5482f05753 HTTP/1.1
upgrade: websocket
connection: upgrade
sec-websocket-key: JO06JrBP8FLEA54p4KQhrw==
sec-websocket-version: 13
origin: http://localhost:59151
host: localhost:59151
accept: */*
user-agent: AHC/2.1

Response DefaultHttpResponse(decodeResult: success, version: HTTP/1.1)
HTTP/1.1 101 WebSocket Protocol Handshake
Upgrade: WebSocket
Connection: Upgrade
Sec-WebSocket-Accept: aG3n3ZohktKC4GAiqkdqGhohz3Q=

22:39:55.280 [Forwarding deleteAllCookies on session 4c136a8cf3ecbe403426b3779bd2b4cb to remote] DEBUG org.asynchttpclient.netty.request.NettyRequestSender - Using pooled Channel '[id: 0x00713aa9, L:/127.0.0.1:59150 - R:localhost/127.0.0.1:12893]' for 'DELETE' to 'http://localhost:12893/session/4c136a8cf3ecbe403426b3779bd2b4cb/cookie'
22:39:55.280 [Forwarding deleteAllCookies on session 4c136a8cf3ecbe403426b3779bd2b4cb to remote] DEBUG org.asynchttpclient.netty.request.NettyRequestSender - Using open Channel [id: 0x00713aa9, L:/127.0.0.1:59150 - R:localhost/127.0.0.1:12893] for DELETE '/session/4c136a8cf3ecbe403426b3779bd2b4cb/cookie'
22:39:55.286 [AsyncHttpClient-1-5] DEBUG org.asynchttpclient.netty.handler.HttpHandler - 

Request DefaultFullHttpRequest(decodeResult: success, version: HTTP/1.1, content: EmptyByteBufBE)
DELETE /session/4c136a8cf3ecbe403426b3779bd2b4cb/cookie HTTP/1.1
User-Agent: selenium/4.11.0 (java windows)
Content-Type: application/json; charset=utf-8
host: localhost:12893
accept: */*

Response DefaultHttpResponse(decodeResult: success, version: HTTP/1.1)
HTTP/1.1 200 OK
Content-Length: 14
Content-Type: application/json; charset=utf-8
cache-control: no-cache

22:39:55.286 [AsyncHttpClient-1-5] DEBUG org.asynchttpclient.netty.channel.ChannelManager - Adding key: http://localhost:12893 for channel [id: 0x00713aa9, L:/127.0.0.1:59150 - R:localhost/127.0.0.1:12893]
22:39:55.288 [Forwarding setTimeout on session 4c136a8cf3ecbe403426b3779bd2b4cb to remote] DEBUG org.asynchttpclient.netty.request.NettyRequestSender - Using pooled Channel '[id: 0x00713aa9, L:/127.0.0.1:59150 - R:localhost/127.0.0.1:12893]' for 'POST' to 'http://localhost:12893/session/4c136a8cf3ecbe403426b3779bd2b4cb/timeouts'
22:39:55.288 [Forwarding setTimeout on session 4c136a8cf3ecbe403426b3779bd2b4cb to remote] DEBUG org.asynchttpclient.netty.request.NettyRequestSender - Using open Channel [id: 0x00713aa9, L:/127.0.0.1:59150 - R:localhost/127.0.0.1:12893] for POST '/session/4c136a8cf3ecbe403426b3779bd2b4cb/timeouts'
22:39:55.289 [AsyncHttpClient-1-5] DEBUG org.asynchttpclient.netty.handler.HttpHandler - 

Request DefaultHttpRequest(decodeResult: success, version: HTTP/1.1)
POST /session/4c136a8cf3ecbe403426b3779bd2b4cb/timeouts HTTP/1.1
User-Agent: selenium/4.11.0 (java windows)
Content-Length: 23
Content-Type: application/json; charset=utf-8
host: localhost:12893
accept: */*

Response DefaultHttpResponse(decodeResult: success, version: HTTP/1.1)
HTTP/1.1 200 OK
Content-Length: 14
Content-Type: application/json; charset=utf-8
cache-control: no-cache

22:39:55.289 [AsyncHttpClient-1-5] DEBUG org.asynchttpclient.netty.channel.ChannelManager - Adding key: http://localhost:12893 for channel [id: 0x00713aa9, L:/127.0.0.1:59150 - R:localhost/127.0.0.1:12893]
22:39:55.291 [Forwarding maximizeCurrentWindow on session 4c136a8cf3ecbe403426b3779bd2b4cb to remote] DEBUG org.asynchttpclient.netty.request.NettyRequestSender - Using pooled Channel '[id: 0x00713aa9, L:/127.0.0.1:59150 - R:localhost/127.0.0.1:12893]' for 'POST' to 'http://localhost:12893/session/4c136a8cf3ecbe403426b3779bd2b4cb/window/maximize'
22:39:55.291 [Forwarding maximizeCurrentWindow on session 4c136a8cf3ecbe403426b3779bd2b4cb to remote] DEBUG org.asynchttpclient.netty.request.NettyRequestSender - Using open Channel [id: 0x00713aa9, L:/127.0.0.1:59150 - R:localhost/127.0.0.1:12893] for POST '/session/4c136a8cf3ecbe403426b3779bd2b4cb/window/maximize'
22:39:55.322 [AsyncHttpClient-1-5] DEBUG org.asynchttpclient.netty.handler.HttpHandler - 

Request DefaultHttpRequest(decodeResult: success, version: HTTP/1.1)
POST /session/4c136a8cf3ecbe403426b3779bd2b4cb/window/maximize HTTP/1.1
User-Agent: selenium/4.11.0 (java windows)
Content-Length: 3
Content-Type: application/json; charset=utf-8
host: localhost:12893
accept: */*

Response DefaultHttpResponse(decodeResult: success, version: HTTP/1.1)
HTTP/1.1 200 OK
Content-Length: 51
Content-Type: application/json; charset=utf-8
cache-control: no-cache

22:39:55.323 [AsyncHttpClient-1-5] DEBUG org.asynchttpclient.netty.channel.ChannelManager - Adding key: http://localhost:12893 for channel [id: 0x00713aa9, L:/127.0.0.1:59150 - R:localhost/127.0.0.1:12893]
22:39:55.326 [Forwarding get on session 4c136a8cf3ecbe403426b3779bd2b4cb to remote] DEBUG org.asynchttpclient.netty.request.NettyRequestSender - Using pooled Channel '[id: 0x00713aa9, L:/127.0.0.1:59150 - R:localhost/127.0.0.1:12893]' for 'POST' to 'http://localhost:12893/session/4c136a8cf3ecbe403426b3779bd2b4cb/url'
22:39:55.326 [Forwarding get on session 4c136a8cf3ecbe403426b3779bd2b4cb to remote] DEBUG org.asynchttpclient.netty.request.NettyRequestSender - Using open Channel [id: 0x00713aa9, L:/127.0.0.1:59150 - R:localhost/127.0.0.1:12893] for POST '/session/4c136a8cf3ecbe403426b3779bd2b4cb/url'
22:39:56.304 [AsyncHttpClient-1-1] DEBUG org.asynchttpclient.netty.channel.DefaultChannelPool - Entry count for : http://localhost:59151 : 1
22:39:57.049 [AsyncHttpClient-1-5] DEBUG org.asynchttpclient.netty.handler.HttpHandler - 

Request DefaultHttpRequest(decodeResult: success, version: HTTP/1.1)
POST /session/4c136a8cf3ecbe403426b3779bd2b4cb/url HTTP/1.1
User-Agent: selenium/4.11.0 (java windows)
Content-Length: 67
Content-Type: application/json; charset=utf-8
host: localhost:12893
accept: */*

Response DefaultHttpResponse(decodeResult: success, version: HTTP/1.1)
HTTP/1.1 200 OK
Content-Length: 14
Content-Type: application/json; charset=utf-8
cache-control: no-cache

22:39:57.050 [AsyncHttpClient-1-5] DEBUG org.asynchttpclient.netty.channel.ChannelManager - Adding key: http://localhost:12893 for channel [id: 0x00713aa9, L:/127.0.0.1:59150 - R:localhost/127.0.0.1:12893]
]]></system-out>
    <system-err><![CDATA[Nov 07, 2024 10:39:55 PM org.openqa.selenium.devtools.CdpVersionFinder findNearestMatch
WARNING: Unable to find CDP implementation matching 130
Nov 07, 2024 10:39:55 PM org.openqa.selenium.chromium.ChromiumDriver lambda$new$5
WARNING: Unable to find version of CDP to use for 130.0.6723.92. You may need to include a dependency on a specific version of the CDP using something similar to `org.seleniumhq.selenium:selenium-devtools-v86:4.11.0` where the version ("v86") matches the version of the chromium-based browser you're using and the version number of the artifact is the same as Selenium's.
]]></system-err>
  </testcase>
  <testcase name="validateLogin_Singleton" classname="testCases.LoginTC" time="0.002">
    <failure message="validateLogin_Singleton test failed due to an exception." type="java.lang.AssertionError"><![CDATA[java.lang.AssertionError: validateLogin_Singleton test failed due to an exception.
	at org.testng.Assert.fail(Assert.java:111)
	at testCases.LoginTC.validateLogin_Singleton(LoginTC.java:103)
	at java.base/jdk.internal.reflect.NativeMethodAccessorImpl.invoke0(Native Method)
	at java.base/jdk.internal.reflect.NativeMethodAccessorImpl.invoke(NativeMethodAccessorImpl.java:78)
	at java.base/jdk.internal.reflect.DelegatingMethodAccessorImpl.invoke(DelegatingMethodAccessorImpl.java:43)
	at java.base/java.lang.reflect.Method.invoke(Method.java:567)
	at org.testng.internal.invokers.MethodInvocationHelper.invokeMethod(MethodInvocationHelper.java:139)
	at org.testng.internal.invokers.TestInvoker.invokeMethod(TestInvoker.java:664)
	at org.testng.internal.invokers.TestInvoker.invokeTestMethod(TestInvoker.java:228)
	at org.testng.internal.invokers.MethodRunner.runInSequence(MethodRunner.java:63)
	at org.testng.internal.invokers.TestInvoker$MethodInvocationAgent.invoke(TestInvoker.java:961)
	at org.testng.internal.invokers.TestInvoker.invokeTestMethods(TestInvoker.java:201)
	at org.testng.internal.invokers.TestMethodWorker.invokeTestMethods(TestMethodWorker.java:148)
	at org.testng.internal.invokers.TestMethodWorker.run(TestMethodWorker.java:128)
	at java.base/java.util.ArrayList.forEach(ArrayList.java:1511)
	at org.testng.TestRunner.privateRun(TestRunner.java:819)
	at org.testng.TestRunner.run(TestRunner.java:619)
	at org.testng.SuiteRunner.runTest(SuiteRunner.java:443)
	at org.testng.SuiteRunner.runSequentially(SuiteRunner.java:437)
	at org.testng.SuiteRunner.privateRun(SuiteRunner.java:397)
	at org.testng.SuiteRunner.run(SuiteRunner.java:336)
	at org.testng.SuiteRunnerWorker.runSuite(SuiteRunnerWorker.java:52)
	at org.testng.SuiteRunnerWorker.run(SuiteRunnerWorker.java:95)
	at org.testng.TestNG.runSuitesSequentially(TestNG.java:1301)
	at org.testng.TestNG.runSuitesLocally(TestNG.java:1228)
	at org.testng.TestNG.runSuites(TestNG.java:1134)
	at org.testng.TestNG.run(TestNG.java:1101)
	at org.apache.maven.surefire.testng.TestNGExecutor.run(TestNGExecutor.java:308)
	at org.apache.maven.surefire.testng.TestNGXmlTestSuite.execute(TestNGXmlTestSuite.java:71)
	at org.apache.maven.surefire.testng.TestNGProvider.invoke(TestNGProvider.java:113)
	at org.apache.maven.surefire.booter.ForkedBooter.runSuitesInProcess(ForkedBooter.java:385)
	at org.apache.maven.surefire.booter.ForkedBooter.execute(ForkedBooter.java:162)
	at org.apache.maven.surefire.booter.ForkedBooter.run(ForkedBooter.java:507)
	at org.apache.maven.surefire.booter.ForkedBooter.main(ForkedBooter.java:495)
]]></failure>
  </testcase>
</testsuite>