<?xml version="1.0" encoding="UTF-8"?>
<!-- Generated by org.testng.reporters.JUnitReportReporter -->
<testsuite hostname="DESKTOP-RQ6NMQQ" failures="0" tests="1" name="testCases.AccountRegistrationTC" time="3.252" errors="0" timestamp="2024-11-07T11:57:14 IST" skipped="0">
  <testcase classname="testCases.AccountRegistrationTC" name="verify_account_registration" time="3.252"/>
</testsuite> <!-- testCases.AccountRegistrationTC -->
