<?xml version="1.0" encoding="UTF-8"?>
<!-- Generated by org.testng.reporters.JUnitReportReporter -->
<testsuite hostname="DESKTOP-RQ6NMQQ" failures="0" tests="1" name="testCases.AccountRegistrationTC" time="2.197" errors="0" timestamp="2024-11-07T22:39:57 IST" skipped="0">
  <testcase classname="testCases.AccountRegistrationTC" name="verify_account_registration" time="2.197"/>
</testsuite> <!-- testCases.AccountRegistrationTC -->
